<?xml version="1.0" encoding="UTF-8"?>
<!-- Generated by org.testng.reporters.JUnitXMLReporter -->
<testsuite hostname="localhost" name="自动化测试用例" tests="3" failures="2" timestamp="14 Dec 2017 01:40:50 GMT" time="0.631" errors="0">
  <testcase name="apiTest" time="0.226" classname="test.com.sen.api.ApiTest">
    <failure type="com.alibaba.fastjson.JSONException" message="syntax error, pos 1, json : &amp;lt;!DOCTYPE html&amp;gt;&amp;lt;html&amp;gt;&amp;lt;head&amp;gt;&amp;lt;title&amp;gt;Apache Tomcat/8.0.30 - Error report&amp;lt;/title&amp;gt;&amp;lt;style type=&amp;quot;text/css&amp;quot;&amp;gt;H1 {font-family:Tahoma,Arial,sans-serif;color:white;background-color:#525D76;font-size:22px;} H2 {font-family:Tahoma,Arial,sans-serif;color:white;background-color:#525D76;font-size:16px;} H3 {font-family:Tahoma,Arial,sans-serif;color:white;background-color:#525D76;font-size:14px;} BODY {font-family:Tahoma,Arial,sans-serif;color:black;background-color:white;} B {font-family:Tahoma,Arial,sans-serif;color:white;background-color:#525D76;} P {font-family:Tahoma,Arial,sans-serif;background:white;color:black;font-size:12px;}A {color : black;}A.name {color : black;}.line {height: 1px; background-color: #525D76; border: none;}&amp;lt;/style&amp;gt; &amp;lt;/head&amp;gt;&amp;lt;body&amp;gt;&amp;lt;h1&amp;gt;HTTP Status 404 - &amp;lt;/h1&amp;gt;&amp;lt;div class=&amp;quot;line&amp;quot;&amp;gt;&amp;lt;/div&amp;gt;&amp;lt;p&amp;gt;&amp;lt;b&amp;gt;type&amp;lt;/b&amp;gt; Status report&amp;lt;/p&amp;gt;&amp;lt;p&amp;gt;&amp;lt;b&amp;gt;message&amp;lt;/b&amp;gt; &amp;lt;u&amp;gt;&amp;lt;/u&amp;gt;&amp;lt;/p&amp;gt;&amp;lt;p&amp;gt;&amp;lt;b&amp;gt;description&amp;lt;/b&amp;gt; &amp;lt;u&amp;gt;The requested resource is not available.&amp;lt;/u&amp;gt;&amp;lt;/p&amp;gt;&amp;lt;hr class=&amp;quot;line&amp;quot;&amp;gt;&amp;lt;h3&amp;gt;Apache Tomcat/8.0.30&amp;lt;/h3&amp;gt;&amp;lt;/body&amp;gt;&amp;lt;/html&amp;gt;">
      <![CDATA[com.alibaba.fastjson.JSONException: syntax error, pos 1, json : <!DOCTYPE html><html><head><title>Apache Tomcat/8.0.30 - Error report</title><style type="text/css">H1 {font-family:Tahoma,Arial,sans-serif;color:white;background-color:#525D76;font-size:22px;} H2 {font-family:Tahoma,Arial,sans-serif;color:white;background-color:#525D76;font-size:16px;} H3 {font-family:Tahoma,Arial,sans-serif;color:white;background-color:#525D76;font-size:14px;} BODY {font-family:Tahoma,Arial,sans-serif;color:black;background-color:white;} B {font-family:Tahoma,Arial,sans-serif;color:white;background-color:#525D76;} P {font-family:Tahoma,Arial,sans-serif;background:white;color:black;font-size:12px;}A {color : black;}A.name {color : black;}.line {height: 1px; background-color: #525D76; border: none;}</style> </head><body><h1>HTTP Status 404 - </h1><div class="line"></div><p><b>type</b> Status report</p><p><b>message</b> <u></u></p><p><b>description</b> <u>The requested resource is not available.</u></p><hr class="line"><h3>Apache Tomcat/8.0.30</h3></body></html>
	at com.alibaba.fastjson.parser.DefaultJSONParser.parse(DefaultJSONParser.java:1361)
	at com.alibaba.fastjson.parser.DefaultJSONParser.parse(DefaultJSONParser.java:1268)
	at com.alibaba.fastjson.JSON.parse(JSON.java:125)
	at com.alibaba.fastjson.JSON.parse(JSON.java:116)
	at com.alibaba.fastjson.JSONPath.read(JSONPath.java:304)
	at test.com.sen.api.TestBase.getBuildValue(TestBase.java:169)
	at test.com.sen.api.TestBase.verifyResult(TestBase.java:149)
	at test.com.sen.api.ApiTest.apiTest(ApiTest.java:188)
... Removed 24 stack frames]]>
    </failure>
  </testcase> <!-- apiTest -->
  <testcase name="apiTest" time="0.005" classname="test.com.sen.api.ApiTest">
    <failure type="java.lang.AssertionError" message="格式化参数失败，公共参数中找不到first_currency。 expected object to not be null">
      <![CDATA[java.lang.AssertionError: 格式化参数失败，公共参数中找不到first_currency。 expected object to not be null
	at test.com.sen.api.TestBase.getCommonParam(TestBase.java:112)
	at test.com.sen.api.ApiTest.parseUrl(ApiTest.java:259)
	at test.com.sen.api.ApiTest.parseHttpRequest(ApiTest.java:218)
	at test.com.sen.api.ApiTest.apiTest(ApiTest.java:140)
... Removed 26 stack frames]]>
    </failure>
  </testcase> <!-- apiTest -->
  <testcase name="apiTest" time="0.129" classname="test.com.sen.api.ApiTest"/>
</testsuite> <!-- 自动化测试用例 -->
