<?xml version="1.0" encoding="UTF-8"?>
<!-- Generated by org.testng.reporters.JUnitXMLReporter -->
<testsuite hostname="edzdeMacBook-Pro.local" name="自动化测试用例" tests="2" failures="1" timestamp="19 Dec 2017 03:38:48 GMT" time="1.765" errors="0">
  <testcase name="apiTest" time="1.385" classname="com.continental.test.api.ApiTest"/>
  <testcase name="apiTest" time="0.104" classname="com.continental.test.api.ApiTest">
    <failure type="java.lang.NullPointerException">
      <![CDATA[java.lang.NullPointerException
	at com.continental.test.api.TestBase.getBuildValue(TestBase.java:169)
	at com.continental.test.api.TestBase.saveResult(TestBase.java:220)
	at com.continental.test.api.ApiTest.apiTest(ApiTest.java:193)
... Removed 24 stack frames]]>
    </failure>
  </testcase> <!-- apiTest -->
</testsuite> <!-- 自动化测试用例 -->
