<?xml version="1.0" encoding="UTF-8"?>
<testng-results skipped="0" failed="2" total="3" passed="1">
  <reporter-output>
    <line>
      <![CDATA[1513215649282===api config path:/Users/edz/Documents/workspace/api_autotest/api-config.xml]]>
    </line>
    <line>
      <![CDATA[1513215649847===--- test start ---]]>
    </line>
    <line>
      <![CDATA[1513215649847===method:get]]>
    </line>
    <line>
      <![CDATA[1513215649847===url:http://ec2-54-223-127-182.cn-north-1.compute.amazonaws.com.cn:8082/netpopo/exchange/currency]]>
    </line>
    <line>
      <![CDATA[1513215649847===param:]]>
    </line>
    <line>
      <![CDATA[1513215649994===返回状态码：404]]>
    </line>
    <line>
      <![CDATA[1513215649997===resp:<!DOCTYPE html><html><head><title>Apache Tomcat/8.0.30 - Error report</title><style type="text/css">H1 {font-family:Tahoma,Arial,sans-serif;color:white;background-color:#525D76;font-size:22px;} H2 {font-family:Tahoma,Arial,sans-serif;color:white;background-color:#525D76;font-size:16px;} H3 {font-family:Tahoma,Arial,sans-serif;color:white;background-color:#525D76;font-size:14px;} BODY {font-family:Tahoma,Arial,sans-serif;color:black;background-color:white;} B {font-family:Tahoma,Arial,sans-serif;color:white;background-color:#525D76;} P {font-family:Tahoma,Arial,sans-serif;background:white;color:black;font-size:12px;}A {color : black;}A.name {color : black;}.line {height: 1px; background-color: #525D76; border: none;}</style> </head><body><h1>HTTP Status 404 - </h1><div class="line"></div><p><b>type</b> Status report</p><p><b>message</b> <u></u></p><p><b>description</b> <u>The requested resource is not available.</u></p><hr class="line"><h3>Apache Tomcat/8.0.30</h3></body></html>]]>
    </line>
    <line>
      <![CDATA[1513215649997===验证数据：$.status=0]]>
    </line>
    <line>
      <![CDATA[1513215650073===--- test start ---]]>
    </line>
    <line>
      <![CDATA[1513215650080===--- test start ---]]>
    </line>
    <line>
      <![CDATA[1513215650081===method:get]]>
    </line>
    <line>
      <![CDATA[1513215650081===url:http://ec2-54-223-127-182.cn-north-1.compute.amazonaws.com.cn:8082/all-vehicles?city=130600&latitude=38.927453&longitude=115.474712]]>
    </line>
    <line>
      <![CDATA[1513215650081===param:]]>
    </line>
    <line>
      <![CDATA[1513215650122===返回状态码：200]]>
    </line>
    <line>
      <![CDATA[1513215650205===resp:{"code":"0","data":{"list":[{"age":6,"color":"白色","device":"","discount":0.00,"distance":553,"id":21,"lastCleanDate":1506787200000,"mode":{"id":1,"image":{"imageUrl":"https://s3.cn-north-1.amazonaws.com.cn/dev.conti-x.cn/static/sgmw/C30EV.png"},"name":"长城C30EV","rangeMileage":200,"seats":5,"type":"纯电动"},"outletSummary":{"id":8,"name":"自动化测试网点1","address":{"description":"朝阳大街横滨路东行","place":"河北省 保定市"},"position":{"latitude":"38.927453","longitude":"115.474712"},"pickupDiscount":0.00,"returnDiscount":0.00},"plateNum":"冀K00000","position":{"latitude":"38.928357","longitude":"115.481002"},"rentStatusEnum":{"code":"for_rent","description":"待租"},"stat":{"charging":false,"electricity":100.00,"endurance":100,"estimateFullChargeTime":1,"estimateHalfChargeTime":0,"mileage":20.00,"position":{"latitude":"38.928357","longitude":"115.481002"}},"tboxId":"A0000000000000000","vehicleBelongEnum":{"code":"public","description":"公有"},"vinCode":"A0000000000000000"},{"age":6,"color":"白色","device":"","discount":0.00,"distance":12181224,"id":27,"lastCleanDate":1506787200000,"mode":{"id":1,"image":{"imageUrl":"https://s3.cn-north-1.amazonaws.com.cn/dev.conti-x.cn/static/sgmw/C30EV.png"},"name":"长城C30EV","rangeMileage":200,"seats":5,"type":"纯电动"},"outletSummary":{"id":9,"name":"自动化测试网点2","address":{"description":"北二环火炬路","place":"河北省 保定市"},"position":{"latitude":"38.9153","longitude":"115.472502\t"},"pickupDiscount":0.00,"returnDiscount":0.00},"plateNum":"冀K00006","position":{"latitude":"0","longitude":"0"},"rentStatusEnum":{"code":"for_rent","description":"待租"},"stat":{"charging":false,"electricity":95.00,"endurance":0,"estimateFullChargeTime":0,"estimateHalfChargeTime":0,"mileage":1.00,"position":{"latitude":"0","longitude":"0"}},"tboxId":"A0000000000000006","vehicleBelongEnum":{"code":"public","description":"公有"},"vinCode":"A0000000000000006"},{"age":6,"color":"白色","device":"","discount":0.00,"distance":12181224,"id":66,"lastCleanDate":1506787200000,"mode":{"id":1,"image":{"imageUrl":"https://s3.cn-north-1.amazonaws.com.cn/dev.conti-x.cn/static/sgmw/C30EV.png"},"name":"长城C30EV","rangeMileage":200,"seats":5,"type":"纯电动"},"outletSummary":{"id":17,"name":"自动化测试网点10","address":{"description":"朝阳大街七一路东行500米北","place":"河北省 保定市"},"position":{"latitude":"38.882293","longitude":"115.475334"},"pickupDiscount":0.00,"returnDiscount":0.00},"plateNum":"冀K00045","position":{"latitude":"0","longitude":"0"},"rentStatusEnum":{"code":"for_rent","description":"待租"},"stat":{"charging":false,"electricity":95.00,"endurance":0,"estimateFullChargeTime":0,"estimateHalfChargeTime":0,"mileage":1.00,"position":{"latitude":"0","longitude":"0"}},"tboxId":"A0000000000000045","vehicleBelongEnum":{"code":"public","description":"公有"},"vinCode":"A0000000000000045"},{"age":6,"color":"白色","device":"","discount":0.00,"distance":4135,"id":59,"lastCleanDate":1506787200000,"mode":{"id":1,"image":{"imageUrl":"https://s3.cn-north-1.amazonaws.com.cn/dev.conti-x.cn/static/sgmw/C30EV.png"},"name":"长城C30EV","rangeMileage":200,"seats":5,"type":"纯电动"},"outletSummary":{"id":15,"name":"自动化测试网点8","address":{"description":"朝阳大街天鹅路东南角建华大街1029号","place":"河北省 保定市"},"position":{"latitude":"38.890381","longitude":"115.470817"},"pickupDiscount":0.00,"returnDiscount":0.00},"plateNum":"冀K00038","position":{"latitude":"38.890381","longitude":"115.470817"},"rentStatusEnum":{"code":"for_rent","description":"待租"},"stat":{"charging":false,"electricity":95.00,"endurance":0,"estimateFullChargeTime":0,"estimateHalfChargeTime":0,"mileage":1.00,"position":{"latitude":"38.890381","longitude":"115.470817"}},"tboxId":"A0000000000000038","vehicleBelongEnum":{"code":"public","description":"公有"},"vinCode":"A0000000000000038"},{"age":6,"color":"白色","device":"","discount":0.00,"distance":2954,"id":38,"lastCleanDate":1506787200000,"mode":{"id":1,"image":{"imageUrl":"https://s3.cn-north-1.amazonaws.com.cn/dev.conti-x.cn/static/sgmw/C30EV.png"},"name":"长城C30EV","rangeMileage":200,"seats":5,"type":"纯电动"},"outletSummary":{"id":11,"name":"自动化测试网点4","address":{"description":"翠园街隆兴路东行200米","place":"河北省 保定市"},"position":{"latitude":"38.900919","longitude":"115.476423\t"},"pickupDiscount":0.00,"returnDiscount":0.00},"plateNum":"冀K00017","position":{"latitude":"38.900919","longitude":"115.476423"},"rentStatusEnum":{"code":"for_rent","description":"待租"},"stat":{"charging":false,"electricity":95.00,"endurance":0,"estimateFullChargeTime":0,"estimateHalfChargeTime":0,"mileage":1.00,"position":{"latitude":"38.900919","longitude":"115.476423"}},"tboxId":"A0000000000000017","vehicleBelongEnum":{"code":"public","description":"公有"},"vinCode":"A0000000000000017"},{"age":6,"color":"白色","device":"","discount":0.00,"distance":4113,"id":52,"lastCleanDate":1506787200000,"mode":{"id":1,"image":{"imageUrl":"https://s3.cn-north-1.amazonaws.com.cn/dev.conti-x.cn/static/sgmw/C30EV.png"},"name":"长城C30EV","rangeMileage":200,"seats":5,"type":"纯电动"},"outletSummary":{"id":14,"name":"自动化测试网点7","address":{"description":"天鹅路翠园街东行200米","place":"河北省 保定市"},"position":{"latitude":"38.890469","longitude":"115.47586"},"pickupDiscount":0.00,"returnDiscount":0.00},"plateNum":"冀K00031","position":{"latitude":"38.890469","longitude":"115.47586"},"rentStatusEnum":{"code":"for_rent","description":"待租"},"stat":{"charging":false,"electricity":95.00,"endurance":0,"estimateFullChargeTime":0,"estimateHalfChargeTime":0,"mileage":1.00,"position":{"latitude":"38.890469","longitude":"115.47586"}},"tboxId":"A0000000000000031","vehicleBelongEnum":{"code":"public","description":"公有"},"vinCode":"A0000000000000031"},{"age":6,"color":"白色","device":"","discount":0.00,"distance":3228,"id":45,"lastCleanDate":1506787200000,"mode":{"id":1,"image":{"imageUrl":"https://s3.cn-north-1.amazonaws.com.cn/dev.conti-x.cn/static/sgmw/C30EV.png"},"name":"长城C30EV","rangeMileage":200,"seats":5,"type":"纯电动"},"outletSummary":{"id":12,"name":"自动化测试网点5","address":{"description":"翠园街银杏路东行300米","place":"河北省 保定市"},"position":{"latitude":"38.898477","longitude":"115.477008"},"pickupDiscount":0.00,"returnDiscount":0.00},"plateNum":"冀K00024","position":{"latitude":"38.898477","longitude":"115.477008"},"rentStatusEnum":{"code":"for_rent","description":"待租"},"stat":{"charging":false,"electricity":95.00,"endurance":0,"estimateFullChargeTime":0,"estimateHalfChargeTime":0,"mileage":1.00,"position":{"latitude":"38.898477","longitude":"115.477008"}},"tboxId":"A0000000000000024","vehicleBelongEnum":{"code":"public","description":"公有"},"vinCode":"A0000000000000024"},{"age":6,"color":"白色","device":"","discount":0.00,"distance":2733,"id":31,"lastCleanDate":1506787200000,"mode":{"id":1,"image":{"imageUrl":"https://s3.cn-north-1.amazonaws.com.cn/dev.conti-x.cn/static/sgmw/C30EV.png"},"name":"长城C30EV","rangeMileage":200,"seats":5,"type":"纯电动"},"outletSummary":{"id":10,"name":"自动化测试网点3","address":{"description":"云杉路翠园街西南角","place":"河北省 保定市"},"position":{"latitude":"38.902927","longitude":"115.472491"},"pickupDiscount":0.00,"returnDiscount":0.00},"plateNum":"冀K00010","position":{"latitude":"38.902927","longitude":"115.472491"},"rentStatusEnum":{"code":"for_rent","description":"待租"},"stat":{"charging":false,"electricity":95.00,"endurance":0,"estimateFullChargeTime":0,"estimateHalfChargeTime":0,"mileage":1.00,"position":{"latitude":"38.902927","longitude":"115.472491"}},"tboxId":"A0000000000000010","vehicleBelongEnum":{"code":"public","description":"公有"},"vinCode":"A0000000000000010"},{"age":6,"color":"白色","device":"","discount":0.00,"distance":12181224,"id":24,"lastCleanDate":1506787200000,"mode":{"id":1,"image":{"imageUrl":"https://s3.cn-north-1.amazonaws.com.cn/dev.conti-x.cn/static/sgmw/C30EV.png"},"name":"长城C30EV","rangeMileage":200,"seats":5,"type":"纯电动"},"outletSummary":{"id":8,"name":"自动化测试网点1","address":{"description":"朝阳大街横滨路东行","place":"河北省 保定市"},"position":{"latitude":"38.927453","longitude":"115.474712"},"pickupDiscount":0.00,"returnDiscount":0.00},"plateNum":"冀K00003","position":{"latitude":"0","longitude":"0"},"rentStatusEnum":{"code":"for_rent","description":"待租"},"stat":{"charging":false,"electricity":95.00,"endurance":0,"estimateFullChargeTime":0,"estimateHalfChargeTime":0,"mileage":1.00,"position":{"latitude":"0","longitude":"0"}},"tboxId":"A0000000000000003","vehicleBelongEnum":{"code":"public","description":"公有"},"vinCode":"A0000000000000003"},{"age":6,"color":"白色","device":"","discount":0.00,"distance":4452,"id":63,"lastCleanDate":1506787200000,"mode":{"id":1,"image":{"imageUrl":"https://s3.cn-north-1.amazonaws.com.cn/dev.conti-x.cn/static/sgmw/C30EV.png"},"name":"长城C30EV","rangeMileage":200,"seats":5,"type":"纯电动"},"outletSummary":{"id":16,"name":"自动化测试网点9","address":{"description":"翠园街秀园路东南角建华大街1029号","place":"河北省 保定市"},"position":{"latitude":"38.887429","longitude":"115.473204"},"pickupDiscount":0.00,"returnDiscount":0.00},"plateNum":"冀K00042","position":{"latitude":"38.887429","longitude":"115.473204"},"rentStatusEnum":{"code":"for_rent","description":"待租"},"stat":{"charging":false,"electricity":95.00,"endurance":0,"estimateFullChargeTime":0,"estimateHalfChargeTime":0,"mileage":1.00,"position":{"latitude":"38.887429","longitude":"115.473204"}},"tboxId":"A0000000000000042","vehicleBelongEnum":{"code":"public","description":"公有"},"vinCode":"A0000000000000042"},{"age":6,"color":"白色","device":"","discount":0.00,"distance":4135,"id":56,"lastCleanDate":1506787200000,"mode":{"id":1,"image":{"imageUrl":"https://s3.cn-north-1.amazonaws.com.cn/dev.conti-x.cn/static/sgmw/C30EV.png"},"name":"长城C30EV","rangeMileage":200,"seats":5,"type":"纯电动"},"outletSummary":{"id":15,"name":"自动化测试网点8","address":{"description":"朝阳大街天鹅路东南角建华大街1029号","place":"河北省 保定市"},"position":{"latitude":"38.890381","longitude":"115.470817"},"pickupDiscount":0.00,"returnDiscount":0.00},"plateNum":"冀K00035","position":{"latitude":"38.890381","longitude":"115.470817"},"rentStatusEnum":{"code":"for_rent","description":"待租"},"stat":{"charging":false,"electricity":95.00,"endurance":0,"estimateFullChargeTime":0,"estimateHalfChargeTime":0,"mileage":1.00,"position":{"latitude":"38.890381","longitude":"115.470817"}},"tboxId":"A0000000000000035","vehicleBelongEnum":{"code":"public","description":"公有"},"vinCode":"A0000000000000035"},{"age":6,"color":"白色","device":"","discount":0.00,"distance":12181224,"id":70,"lastCleanDate":1506787200000,"mode":{"id":1,"image":{"imageUrl":"https://s3.cn-north-1.amazonaws.com.cn/dev.conti-x.cn/static/sgmw/C30EV.png"},"name":"长城C30EV","rangeMileage":200,"seats":5,"type":"纯电动"},"outletSummary":{"id":17,"name":"自动化测试网点10","address":{"description":"朝阳大街七一路东行500米北","place":"河北省 保定市"},"position":{"latitude":"38.882293","longitude":"115.475334"},"pickupDiscount":0.00,"returnDiscount":0.00},"plateNum":"冀K00049","position":{"latitude":"0","longitude":"0"},"rentStatusEnum":{"code":"for_rent","description":"待租"},"stat":{"charging":false,"electricity":95.00,"endurance":0,"estimateFullChargeTime":0,"estimateHalfChargeTime":0,"mileage":1.00,"position":{"latitude":"0","longitude":"0"}},"tboxId":"A0000000000000049","vehicleBelongEnum":{"code":"public","description":"公有"},"vinCode":"A0000000000000049"},{"age":6,"color":"白色","device":"","discount":0.00,"distance":3228,"id":42,"lastCleanDate":1506787200000,"mode":{"id":1,"image":{"imageUrl":"https://s3.cn-north-1.amazonaws.com.cn/dev.conti-x.cn/static/sgmw/C30EV.png"},"name":"长城C30EV","rangeMileage":200,"seats":5,"type":"纯电动"},"outletSummary":{"id":12,"name":"自动化测试网点5","address":{"description":"翠园街银杏路东行300米","place":"河北省 保定市"},"position":{"latitude":"38.898477","longitude":"115.477008"},"pickupDiscount":0.00,"returnDiscount":0.00},"plateNum":"冀K00021","position":{"latitude":"38.898477","longitude":"115.477008"},"rentStatusEnum":{"code":"for_rent","description":"待租"},"stat":{"charging":false,"electricity":95.00,"endurance":0,"estimateFullChargeTime":0,"estimateHalfChargeTime":0,"mileage":1.00,"position":{"latitude":"38.898477","longitude":"115.477008"}},"tboxId":"A0000000000000021","vehicleBelongEnum":{"code":"public","description":"公有"},"vinCode":"A0000000000000021"},{"age":6,"color":"白色","device":"","discount":0.00,"distance":2733,"id":35,"lastCleanDate":1506787200000,"mode":{"id":1,"image":{"imageUrl":"https://s3.cn-north-1.amazonaws.com.cn/dev.conti-x.cn/static/sgmw/C30EV.png"},"name":"长城C30EV","rangeMileage":200,"seats":5,"type":"纯电动"},"outletSummary":{"id":10,"name":"自动化测试网点3","address":{"description":"云杉路翠园街西南角","place":"河北省 保定市"},"position":{"latitude":"38.902927","longitude":"115.472491"},"pickupDiscount":0.00,"returnDiscount":0.00},"plateNum":"冀K00014","position":{"latitude":"38.902927","longitude":"115.472491"},"rentStatusEnum":{"code":"for_rent","description":"待租"},"stat":{"charging":false,"electricity":95.00,"endurance":0,"estimateFullChargeTime":0,"estimateHalfChargeTime":0,"mileage":1.00,"position":{"latitude":"38.902927","longitude":"115.472491"}},"tboxId":"A0000000000000014","vehicleBelongEnum":{"code":"public","description":"公有"},"vinCode":"A0000000000000014"},{"age":6,"color":"白色","device":"","discount":0.00,"distance":3572,"id":49,"lastCleanDate":1506787200000,"mode":{"id":1,"image":{"imageUrl":"https://s3.cn-north-1.amazonaws.com.cn/dev.conti-x.cn/static/sgmw/C30EV.png"},"name":"长城C30EV","rangeMileage":200,"seats":5,"type":"纯电动"},"outletSummary":{"id":13,"name":"自动化测试网点6","address":{"description":"翠园街复兴路口东行200米","place":"河北省 保定市"},"position":{"latitude":"38.895329","longitude":"115.475291"},"pickupDiscount":0.00,"returnDiscount":0.00},"plateNum":"冀K00028","position":{"latitude":"38.895329","longitude":"115.475291"},"rentStatusEnum":{"code":"for_rent","description":"待租"},"stat":{"charging":false,"electricity":95.00,"endurance":0,"estimateFullChargeTime":0,"estimateHalfChargeTime":0,"mileage":1.00,"position":{"latitude":"38.895329","longitude":"115.475291"}},"tboxId":"A0000000000000028","vehicleBelongEnum":{"code":"public","description":"公有"},"vinCode":"A0000000000000028"},{"age":6,"color":"白色","device":"","discount":0.00,"distance":12181224,"id":28,"lastCleanDate":1506787200000,"mode":{"id":1,"image":{"imageUrl":"https://s3.cn-north-1.amazonaws.com.cn/dev.conti-x.cn/static/sgmw/C30EV.png"},"name":"长城C30EV","rangeMileage":200,"seats":5,"type":"纯电动"},"outletSummary":{"id":9,"name":"自动化测试网点2","address":{"description":"北二环火炬路","place":"河北省 保定市"},"position":{"latitude":"38.9153","longitude":"115.472502\t"},"pickupDiscount":0.00,"returnDiscount":0.00},"plateNum":"冀K00007","position":{"latitude":"0","longitude":"0"},"rentStatusEnum":{"code":"for_rent","description":"待租"},"stat":{"charging":false,"electricity":95.00,"endurance":0,"estimateFullChargeTime":0,"estimateHalfChargeTime":0,"mileage":1.00,"position":{"latitude":"0","longitude":"0"}},"tboxId":"A0000000000000007","vehicleBelongEnum":{"code":"public","description":"公有"},"vinCode":"A0000000000000007"},{"age":6,"color":"白色","device":"","discount":0.00,"distance":12181224,"id":67,"lastCleanDate":1506787200000,"mode":{"id":1,"image":{"imageUrl":"https://s3.cn-north-1.amazonaws.com.cn/dev.conti-x.cn/static/sgmw/C30EV.png"},"name":"长城C30EV","rangeMileage":200,"seats":5,"type":"纯电动"},"outletSummary":{"id":17,"name":"自动化测试网点10","address":{"description":"朝阳大街七一路东行500米北","place":"河北省 保定市"},"position":{"latitude":"38.882293","longitude":"115.475334"},"pickupDiscount":0.00,"returnDiscount":0.00},"plateNum":"冀K00046","position":{"latitude":"0","longitude":"0"},"rentStatusEnum":{"code":"for_rent","description":"待租"},"stat":{"charging":false,"electricity":95.00,"endurance":0,"estimateFullChargeTime":0,"estimateHalfChargeTime":0,"mileage":1.00,"position":{"latitude":"0","longitude":"0"}},"tboxId":"A0000000000000046","vehicleBelongEnum":{"code":"public","description":"公有"},"vinCode":"A0000000000000046"},{"age":6,"color":"白色","device":"","discount":0.00,"distance":4135,"id":60,"lastCleanDate":1506787200000,"mode":{"id":1,"image":{"imageUrl":"https://s3.cn-north-1.amazonaws.com.cn/dev.conti-x.cn/static/sgmw/C30EV.png"},"name":"长城C30EV","rangeMileage":200,"seats":5,"type":"纯电动"},"outletSummary":{"id":15,"name":"自动化测试网点8","address":{"description":"朝阳大街天鹅路东南角建华大街1029号","place":"河北省 保定市"},"position":{"latitude":"38.890381","longitude":"115.470817"},"pickupDiscount":0.00,"returnDiscount":0.00},"plateNum":"冀K00039","position":{"latitude":"38.890381","longitude":"115.470817"},"rentStatusEnum":{"code":"for_rent","description":"待租"},"stat":{"charging":false,"electricity":95.00,"endurance":0,"estimateFullChargeTime":0,"estimateHalfChargeTime":0,"mileage":1.00,"position":{"latitude":"38.890381","longitude":"115.470817"}},"tboxId":"A0000000000000039","vehicleBelongEnum":{"code":"public","description":"公有"},"vinCode":"A0000000000000039"},{"age":6,"color":"白色","device":"","discount":0.00,"distance":2954,"id":39,"lastCleanDate":1506787200000,"mode":{"id":1,"image":{"imageUrl":"https://s3.cn-north-1.amazonaws.com.cn/dev.conti-x.cn/static/sgmw/C30EV.png"},"name":"长城C30EV","rangeMileage":200,"seats":5,"type":"纯电动"},"outletSummary":{"id":11,"name":"自动化测试网点4","address":{"description":"翠园街隆兴路东行200米","place":"河北省 保定市"},"position":{"latitude":"38.900919","longitude":"115.476423\t"},"pickupDiscount":0.00,"returnDiscount":0.00},"plateNum":"冀K00018","position":{"latitude":"38.900919","longitude":"115.476423"},"rentStatusEnum":{"code":"for_rent","description":"待租"},"stat":{"charging":false,"electricity":95.00,"endurance":0,"estimateFullChargeTime":0,"estimateHalfChargeTime":0,"mileage":1.00,"position":{"latitude":"38.900919","longitude":"115.476423"}},"tboxId":"A0000000000000018","vehicleBelongEnum":{"code":"public","description":"公有"},"vinCode":"A0000000000000018"},{"age":6,"color":"白色","device":"","discount":0.00,"distance":4113,"id":53,"lastCleanDate":1506787200000,"mode":{"id":1,"image":{"imageUrl":"https://s3.cn-north-1.amazonaws.com.cn/dev.conti-x.cn/static/sgmw/C30EV.png"},"name":"长城C30EV","rangeMileage":200,"seats":5,"type":"纯电动"},"outletSummary":{"id":14,"name":"自动化测试网点7","address":{"description":"天鹅路翠园街东行200米","place":"河北省 保定市"},"position":{"latitude":"38.890469","longitude":"115.47586"},"pickupDiscount":0.00,"returnDiscount":0.00},"plateNum":"冀K00032","position":{"latitude":"38.890469","longitude":"115.47586"},"rentStatusEnum":{"code":"for_rent","description":"待租"},"stat":{"charging":false,"electricity":95.00,"endurance":0,"estimateFullChargeTime":0,"estimateHalfChargeTime":0,"mileage":1.00,"position":{"latitude":"38.890469","longitude":"115.47586"}},"tboxId":"A0000000000000032","vehicleBelongEnum":{"code":"public","description":"公有"},"vinCode":"A0000000000000032"},{"age":6,"color":"白色","device":"","discount":0.00,"distance":2733,"id":32,"lastCleanDate":1506787200000,"mode":{"id":1,"image":{"imageUrl":"https://s3.cn-north-1.amazonaws.com.cn/dev.conti-x.cn/static/sgmw/C30EV.png"},"name":"长城C30EV","rangeMileage":200,"seats":5,"type":"纯电动"},"outletSummary":{"id":10,"name":"自动化测试网点3","address":{"description":"云杉路翠园街西南角","place":"河北省 保定市"},"position":{"latitude":"38.902927","longitude":"115.472491"},"pickupDiscount":0.00,"returnDiscount":0.00},"plateNum":"冀K00011","position":{"latitude":"38.902927","longitude":"115.472491"},"rentStatusEnum":{"code":"for_rent","description":"待租"},"stat":{"charging":false,"electricity":95.00,"endurance":0,"estimateFullChargeTime":0,"estimateHalfChargeTime":0,"mileage":1.00,"position":{"latitude":"38.902927","longitude":"115.472491"}},"tboxId":"A0000000000000011","vehicleBelongEnum":{"code":"public","description":"公有"},"vinCode":"A0000000000000011"},{"age":6,"color":"白色","device":"","discount":0.00,"distance":3572,"id":46,"lastCleanDate":1506787200000,"mode":{"id":1,"image":{"imageUrl":"https://s3.cn-north-1.amazonaws.com.cn/dev.conti-x.cn/static/sgmw/C30EV.png"},"name":"长城C30EV","rangeMileage":200,"seats":5,"type":"纯电动"},"outletSummary":{"id":13,"name":"自动化测试网点6","address":{"description":"翠园街复兴路口东行200米","place":"河北省 保定市"},"position":{"latitude":"38.895329","longitude":"115.475291"},"pickupDiscount":0.00,"returnDiscount":0.00},"plateNum":"冀K00025","position":{"latitude":"38.895329","longitude":"115.475291"},"rentStatusEnum":{"code":"for_rent","description":"待租"},"stat":{"charging":false,"electricity":95.00,"endurance":0,"estimateFullChargeTime":0,"estimateHalfChargeTime":0,"mileage":1.00,"position":{"latitude":"38.895329","longitude":"115.475291"}},"tboxId":"A0000000000000025","vehicleBelongEnum":{"code":"public","description":"公有"},"vinCode":"A0000000000000025"},{"age":6,"color":"白色","device":"","discount":0.00,"distance":12181224,"id":25,"lastCleanDate":1506787200000,"mode":{"id":1,"image":{"imageUrl":"https://s3.cn-north-1.amazonaws.com.cn/dev.conti-x.cn/static/sgmw/C30EV.png"},"name":"长城C30EV","rangeMileage":200,"seats":5,"type":"纯电动"},"outletSummary":{"id":8,"name":"自动化测试网点1","address":{"description":"朝阳大街横滨路东行","place":"河北省 保定市"},"position":{"latitude":"38.927453","longitude":"115.474712"},"pickupDiscount":0.00,"returnDiscount":0.00},"plateNum":"冀K00004","position":{"latitude":"0","longitude":"0"},"rentStatusEnum":{"code":"for_rent","description":"待租"},"stat":{"charging":false,"electricity":95.00,"endurance":0,"estimateFullChargeTime":0,"estimateHalfChargeTime":0,"mileage":1.00,"position":{"latitude":"0","longitude":"0"}},"tboxId":"A0000000000000004","vehicleBelongEnum":{"code":"public","description":"公有"},"vinCode":"A0000000000000004"},{"age":6,"color":"白色","device":"","discount":0.00,"distance":4452,"id":64,"lastCleanDate":1506787200000,"mode":{"id":1,"image":{"imageUrl":"https://s3.cn-north-1.amazonaws.com.cn/dev.conti-x.cn/static/sgmw/C30EV.png"},"name":"长城C30EV","rangeMileage":200,"seats":5,"type":"纯电动"},"outletSummary":{"id":16,"name":"自动化测试网点9","address":{"description":"翠园街秀园路东南角建华大街1029号","place":"河北省 保定市"},"position":{"latitude":"38.887429","longitude":"115.473204"},"pickupDiscount":0.00,"returnDiscount":0.00},"plateNum":"冀K00043","position":{"latitude":"38.887429","longitude":"115.473204"},"rentStatusEnum":{"code":"for_rent","description":"待租"},"stat":{"charging":false,"electricity":95.00,"endurance":0,"estimateFullChargeTime":0,"estimateHalfChargeTime":0,"mileage":1.00,"position":{"latitude":"38.887429","longitude":"115.473204"}},"tboxId":"A0000000000000043","vehicleBelongEnum":{"code":"public","description":"公有"},"vinCode":"A0000000000000043"},{"age":6,"color":"白色","device":"","discount":0.00,"distance":4135,"id":57,"lastCleanDate":1506787200000,"mode":{"id":1,"image":{"imageUrl":"https://s3.cn-north-1.amazonaws.com.cn/dev.conti-x.cn/static/sgmw/C30EV.png"},"name":"长城C30EV","rangeMileage":200,"seats":5,"type":"纯电动"},"outletSummary":{"id":15,"name":"自动化测试网点8","address":{"description":"朝阳大街天鹅路东南角建华大街1029号","place":"河北省 保定市"},"position":{"latitude":"38.890381","longitude":"115.470817"},"pickupDiscount":0.00,"returnDiscount":0.00},"plateNum":"冀K00036","position":{"latitude":"38.890381","longitude":"115.470817"},"rentStatusEnum":{"code":"for_rent","description":"待租"},"stat":{"charging":false,"electricity":95.00,"endurance":0,"estimateFullChargeTime":0,"estimateHalfChargeTime":0,"mileage":1.00,"position":{"latitude":"38.890381","longitude":"115.470817"}},"tboxId":"A0000000000000036","vehicleBelongEnum":{"code":"public","description":"公有"},"vinCode":"A0000000000000036"},{"age":6,"color":"白色","device":"","discount":0.00,"distance":3228,"id":43,"lastCleanDate":1506787200000,"mode":{"id":1,"image":{"imageUrl":"https://s3.cn-north-1.amazonaws.com.cn/dev.conti-x.cn/static/sgmw/C30EV.png"},"name":"长城C30EV","rangeMileage":200,"seats":5,"type":"纯电动"},"outletSummary":{"id":12,"name":"自动化测试网点5","address":{"description":"翠园街银杏路东行300米","place":"河北省 保定市"},"position":{"latitude":"38.898477","longitude":"115.477008"},"pickupDiscount":0.00,"returnDiscount":0.00},"plateNum":"冀K00022","position":{"latitude":"38.898477","longitude":"115.477008"},"rentStatusEnum":{"code":"for_rent","description":"待租"},"stat":{"charging":false,"electricity":95.00,"endurance":0,"estimateFullChargeTime":0,"estimateHalfChargeTime":0,"mileage":1.00,"position":{"latitude":"38.898477","longitude":"115.477008"}},"tboxId":"A0000000000000022","vehicleBelongEnum":{"code":"public","description":"公有"},"vinCode":"A0000000000000022"},{"age":6,"color":"白色","device":"","discount":0.00,"distance":2954,"id":36,"lastCleanDate":1506787200000,"mode":{"id":1,"image":{"imageUrl":"https://s3.cn-north-1.amazonaws.com.cn/dev.conti-x.cn/static/sgmw/C30EV.png"},"name":"长城C30EV","rangeMileage":200,"seats":5,"type":"纯电动"},"outletSummary":{"id":11,"name":"自动化测试网点4","address":{"description":"翠园街隆兴路东行200米","place":"河北省 保定市"},"position":{"latitude":"38.900919","longitude":"115.476423\t"},"pickupDiscount":0.00,"returnDiscount":0.00},"plateNum":"冀K00015","position":{"latitude":"38.900919","longitude":"115.476423"},"rentStatusEnum":{"code":"for_rent","description":"待租"},"stat":{"charging":false,"electricity":95.00,"endurance":0,"estimateFullChargeTime":0,"estimateHalfChargeTime":0,"mileage":1.00,"position":{"latitude":"38.900919","longitude":"115.476423"}},"tboxId":"A0000000000000015","vehicleBelongEnum":{"code":"public","description":"公有"},"vinCode":"A0000000000000015"},{"age":6,"color":"白色","device":"","discount":0.00,"distance":3572,"id":50,"lastCleanDate":1506787200000,"mode":{"id":1,"image":{"imageUrl":"https://s3.cn-north-1.amazonaws.com.cn/dev.conti-x.cn/static/sgmw/C30EV.png"},"name":"长城C30EV","rangeMileage":200,"seats":5,"type":"纯电动"},"outletSummary":{"id":13,"name":"自动化测试网点6","address":{"description":"翠园街复兴路口东行200米","place":"河北省 保定市"},"position":{"latitude":"38.895329","longitude":"115.475291"},"pickupDiscount":0.00,"returnDiscount":0.00},"plateNum":"冀K00029","position":{"latitude":"38.895329","longitude":"115.475291"},"rentStatusEnum":{"code":"for_rent","description":"待租"},"stat":{"charging":false,"electricity":95.00,"endurance":0,"estimateFullChargeTime":0,"estimateHalfChargeTime":0,"mileage":1.00,"position":{"latitude":"38.895329","longitude":"115.475291"}},"tboxId":"A0000000000000029","vehicleBelongEnum":{"code":"public","description":"公有"},"vinCode":"A0000000000000029"},{"age":6,"color":"白色","device":"","discount":0.00,"distance":12181224,"id":29,"lastCleanDate":1506787200000,"mode":{"id":1,"image":{"imageUrl":"https://s3.cn-north-1.amazonaws.com.cn/dev.conti-x.cn/static/sgmw/C30EV.png"},"name":"长城C30EV","rangeMileage":200,"seats":5,"type":"纯电动"},"outletSummary":{"id":9,"name":"自动化测试网点2","address":{"description":"北二环火炬路","place":"河北省 保定市"},"position":{"latitude":"38.9153","longitude":"115.472502\t"},"pickupDiscount":0.00,"returnDiscount":0.00},"plateNum":"冀K00008","position":{"latitude":"0","longitude":"0"},"rentStatusEnum":{"code":"for_rent","description":"待租"},"stat":{"charging":false,"electricity":95.00,"endurance":0,"estimateFullChargeTime":0,"estimateHalfChargeTime":0,"mileage":1.00,"position":{"latitude":"0","longitude":"0"}},"tboxId":"A0000000000000008","vehicleBelongEnum":{"code":"public","description":"公有"},"vinCode":"A0000000000000008"},{"age":6,"color":"白色","device":"","discount":0.00,"distance":12181224,"id":68,"lastCleanDate":1506787200000,"mode":{"id":1,"image":{"imageUrl":"https://s3.cn-north-1.amazonaws.com.cn/dev.conti-x.cn/static/sgmw/C30EV.png"},"name":"长城C30EV","rangeMileage":200,"seats":5,"type":"纯电动"},"outletSummary":{"id":17,"name":"自动化测试网点10","address":{"description":"朝阳大街七一路东行500米北","place":"河北省 保定市"},"position":{"latitude":"38.882293","longitude":"115.475334"},"pickupDiscount":0.00,"returnDiscount":0.00},"plateNum":"冀K00047","position":{"latitude":"0","longitude":"0"},"rentStatusEnum":{"code":"for_rent","description":"待租"},"stat":{"charging":false,"electricity":95.00,"endurance":0,"estimateFullChargeTime":0,"estimateHalfChargeTime":0,"mileage":1.00,"position":{"latitude":"0","longitude":"0"}},"tboxId":"A0000000000000047","vehicleBelongEnum":{"code":"public","description":"公有"},"vinCode":"A0000000000000047"},{"age":6,"color":"白色","device":"","discount":0.00,"distance":12181224,"id":22,"lastCleanDate":1506787200000,"mode":{"id":1,"image":{"imageUrl":"https://s3.cn-north-1.amazonaws.com.cn/dev.conti-x.cn/static/sgmw/C30EV.png"},"name":"长城C30EV","rangeMileage":200,"seats":5,"type":"纯电动"},"outletSummary":{"id":8,"name":"自动化测试网点1","address":{"description":"朝阳大街横滨路东行","place":"河北省 保定市"},"position":{"latitude":"38.927453","longitude":"115.474712"},"pickupDiscount":0.00,"returnDiscount":0.00},"plateNum":"冀K00001","position":{"latitude":"0","longitude":"0"},"rentStatusEnum":{"code":"for_rent","description":"待租"},"stat":{"charging":false,"electricity":95.00,"endurance":0,"estimateFullChargeTime":0,"estimateHalfChargeTime":0,"mileage":1.00,"position":{"latitude":"0","longitude":"0"}},"tboxId":"A0000000000000001","vehicleBelongEnum":{"code":"public","description":"公有"},"vinCode":"A0000000000000001"},{"age":6,"color":"白色","device":"","discount":0.00,"distance":4452,"id":61,"lastCleanDate":1506787200000,"mode":{"id":1,"image":{"imageUrl":"https://s3.cn-north-1.amazonaws.com.cn/dev.conti-x.cn/static/sgmw/C30EV.png"},"name":"长城C30EV","rangeMileage":200,"seats":5,"type":"纯电动"},"outletSummary":{"id":16,"name":"自动化测试网点9","address":{"description":"翠园街秀园路东南角建华大街1029号","place":"河北省 保定市"},"position":{"latitude":"38.887429","longitude":"115.473204"},"pickupDiscount":0.00,"returnDiscount":0.00},"plateNum":"冀K00040","position":{"latitude":"38.887429","longitude":"115.473204"},"rentStatusEnum":{"code":"for_rent","description":"待租"},"stat":{"charging":false,"electricity":95.00,"endurance":0,"estimateFullChargeTime":0,"estimateHalfChargeTime":0,"mileage":1.00,"position":{"latitude":"38.887429","longitude":"115.473204"}},"tboxId":"A0000000000000040","vehicleBelongEnum":{"code":"public","description":"公有"},"vinCode":"A0000000000000040"},{"age":6,"color":"白色","device":"","discount":0.00,"distance":2954,"id":40,"lastCleanDate":1506787200000,"mode":{"id":1,"image":{"imageUrl":"https://s3.cn-north-1.amazonaws.com.cn/dev.conti-x.cn/static/sgmw/C30EV.png"},"name":"长城C30EV","rangeMileage":200,"seats":5,"type":"纯电动"},"outletSummary":{"id":11,"name":"自动化测试网点4","address":{"description":"翠园街隆兴路东行200米","place":"河北省 保定市"},"position":{"latitude":"38.900919","longitude":"115.476423\t"},"pickupDiscount":0.00,"returnDiscount":0.00},"plateNum":"冀K00019","position":{"latitude":"38.900919","longitude":"115.476423"},"rentStatusEnum":{"code":"for_rent","description":"待租"},"stat":{"charging":false,"electricity":95.00,"endurance":0,"estimateFullChargeTime":0,"estimateHalfChargeTime":0,"mileage":1.00,"position":{"latitude":"38.900919","longitude":"115.476423"}},"tboxId":"A0000000000000019","vehicleBelongEnum":{"code":"public","description":"公有"},"vinCode":"A0000000000000019"},{"age":6,"color":"白色","device":"","discount":0.00,"distance":4113,"id":54,"lastCleanDate":1506787200000,"mode":{"id":1,"image":{"imageUrl":"https://s3.cn-north-1.amazonaws.com.cn/dev.conti-x.cn/static/sgmw/C30EV.png"},"name":"长城C30EV","rangeMileage":200,"seats":5,"type":"纯电动"},"outletSummary":{"id":14,"name":"自动化测试网点7","address":{"description":"天鹅路翠园街东行200米","place":"河北省 保定市"},"position":{"latitude":"38.890469","longitude":"115.47586"},"pickupDiscount":0.00,"returnDiscount":0.00},"plateNum":"冀K00033","position":{"latitude":"38.890469","longitude":"115.47586"},"rentStatusEnum":{"code":"for_rent","description":"待租"},"stat":{"charging":false,"electricity":95.00,"endurance":0,"estimateFullChargeTime":0,"estimateHalfChargeTime":0,"mileage":1.00,"position":{"latitude":"38.890469","longitude":"115.47586"}},"tboxId":"A0000000000000033","vehicleBelongEnum":{"code":"public","description":"公有"},"vinCode":"A0000000000000033"},{"age":6,"color":"白色","device":"","discount":0.00,"distance":2733,"id":33,"lastCleanDate":1506787200000,"mode":{"id":1,"image":{"imageUrl":"https://s3.cn-north-1.amazonaws.com.cn/dev.conti-x.cn/static/sgmw/C30EV.png"},"name":"长城C30EV","rangeMileage":200,"seats":5,"type":"纯电动"},"outletSummary":{"id":10,"name":"自动化测试网点3","address":{"description":"云杉路翠园街西南角","place":"河北省 保定市"},"position":{"latitude":"38.902927","longitude":"115.472491"},"pickupDiscount":0.00,"returnDiscount":0.00},"plateNum":"冀K00012","position":{"latitude":"38.902927","longitude":"115.472491"},"rentStatusEnum":{"code":"for_rent","description":"待租"},"stat":{"charging":false,"electricity":95.00,"endurance":0,"estimateFullChargeTime":0,"estimateHalfChargeTime":0,"mileage":1.00,"position":{"latitude":"38.902927","longitude":"115.472491"}},"tboxId":"A0000000000000012","vehicleBelongEnum":{"code":"public","description":"公有"},"vinCode":"A0000000000000012"},{"age":6,"color":"白色","device":"","discount":0.00,"distance":3572,"id":47,"lastCleanDate":1506787200000,"mode":{"id":1,"image":{"imageUrl":"https://s3.cn-north-1.amazonaws.com.cn/dev.conti-x.cn/static/sgmw/C30EV.png"},"name":"长城C30EV","rangeMileage":200,"seats":5,"type":"纯电动"},"outletSummary":{"id":13,"name":"自动化测试网点6","address":{"description":"翠园街复兴路口东行200米","place":"河北省 保定市"},"position":{"latitude":"38.895329","longitude":"115.475291"},"pickupDiscount":0.00,"returnDiscount":0.00},"plateNum":"冀K00026","position":{"latitude":"38.895329","longitude":"115.475291"},"rentStatusEnum":{"code":"for_rent","description":"待租"},"stat":{"charging":false,"electricity":95.00,"endurance":0,"estimateFullChargeTime":0,"estimateHalfChargeTime":0,"mileage":1.00,"position":{"latitude":"38.895329","longitude":"115.475291"}},"tboxId":"A0000000000000026","vehicleBelongEnum":{"code":"public","description":"公有"},"vinCode":"A0000000000000026"},{"age":6,"color":"白色","device":"","discount":0.00,"distance":12181224,"id":26,"lastCleanDate":1506787200000,"mode":{"id":1,"image":{"imageUrl":"https://s3.cn-north-1.amazonaws.com.cn/dev.conti-x.cn/static/sgmw/C30EV.png"},"name":"长城C30EV","rangeMileage":200,"seats":5,"type":"纯电动"},"outletSummary":{"id":9,"name":"自动化测试网点2","address":{"description":"北二环火炬路","place":"河北省 保定市"},"position":{"latitude":"38.9153","longitude":"115.472502\t"},"pickupDiscount":0.00,"returnDiscount":0.00},"plateNum":"冀K00005","position":{"latitude":"0","longitude":"0"},"rentStatusEnum":{"code":"for_rent","description":"待租"},"stat":{"charging":false,"electricity":95.00,"endurance":0,"estimateFullChargeTime":0,"estimateHalfChargeTime":0,"mileage":1.00,"position":{"latitude":"0","longitude":"0"}},"tboxId":"A0000000000000005","vehicleBelongEnum":{"code":"public","description":"公有"},"vinCode":"A0000000000000005"},{"age":6,"color":"白色","device":"","discount":0.00,"distance":4452,"id":65,"lastCleanDate":1506787200000,"mode":{"id":1,"image":{"imageUrl":"https://s3.cn-north-1.amazonaws.com.cn/dev.conti-x.cn/static/sgmw/C30EV.png"},"name":"长城C30EV","rangeMileage":200,"seats":5,"type":"纯电动"},"outletSummary":{"id":16,"name":"自动化测试网点9","address":{"description":"翠园街秀园路东南角建华大街1029号","place":"河北省 保定市"},"position":{"latitude":"38.887429","longitude":"115.473204"},"pickupDiscount":0.00,"returnDiscount":0.00},"plateNum":"冀K00044","position":{"latitude":"38.887429","longitude":"115.473204"},"rentStatusEnum":{"code":"for_rent","description":"待租"},"stat":{"charging":false,"electricity":95.00,"endurance":0,"estimateFullChargeTime":0,"estimateHalfChargeTime":0,"mileage":1.00,"position":{"latitude":"38.887429","longitude":"115.473204"}},"tboxId":"A0000000000000044","vehicleBelongEnum":{"code":"public","description":"公有"},"vinCode":"A0000000000000044"},{"age":6,"color":"白色","device":"","discount":0.00,"distance":3228,"id":44,"lastCleanDate":1506787200000,"mode":{"id":1,"image":{"imageUrl":"https://s3.cn-north-1.amazonaws.com.cn/dev.conti-x.cn/static/sgmw/C30EV.png"},"name":"长城C30EV","rangeMileage":200,"seats":5,"type":"纯电动"},"outletSummary":{"id":12,"name":"自动化测试网点5","address":{"description":"翠园街银杏路东行300米","place":"河北省 保定市"},"position":{"latitude":"38.898477","longitude":"115.477008"},"pickupDiscount":0.00,"returnDiscount":0.00},"plateNum":"冀K00023","position":{"latitude":"38.898477","longitude":"115.477008"},"rentStatusEnum":{"code":"for_rent","description":"待租"},"stat":{"charging":false,"electricity":95.00,"endurance":0,"estimateFullChargeTime":0,"estimateHalfChargeTime":0,"mileage":1.00,"position":{"latitude":"38.898477","longitude":"115.477008"}},"tboxId":"A0000000000000023","vehicleBelongEnum":{"code":"public","description":"公有"},"vinCode":"A0000000000000023"},{"age":6,"color":"白色","device":"","discount":0.00,"distance":4135,"id":58,"lastCleanDate":1506787200000,"mode":{"id":1,"image":{"imageUrl":"https://s3.cn-north-1.amazonaws.com.cn/dev.conti-x.cn/static/sgmw/C30EV.png"},"name":"长城C30EV","rangeMileage":200,"seats":5,"type":"纯电动"},"outletSummary":{"id":15,"name":"自动化测试网点8","address":{"description":"朝阳大街天鹅路东南角建华大街1029号","place":"河北省 保定市"},"position":{"latitude":"38.890381","longitude":"115.470817"},"pickupDiscount":0.00,"returnDiscount":0.00},"plateNum":"冀K00037","position":{"latitude":"38.890381","longitude":"115.470817"},"rentStatusEnum":{"code":"for_rent","description":"待租"},"stat":{"charging":false,"electricity":95.00,"endurance":0,"estimateFullChargeTime":0,"estimateHalfChargeTime":0,"mileage":1.00,"position":{"latitude":"38.890381","longitude":"115.470817"}},"tboxId":"A0000000000000037","vehicleBelongEnum":{"code":"public","description":"公有"},"vinCode":"A0000000000000037"},{"age":6,"color":"白色","device":"","discount":0.00,"distance":2954,"id":37,"lastCleanDate":1506787200000,"mode":{"id":1,"image":{"imageUrl":"https://s3.cn-north-1.amazonaws.com.cn/dev.conti-x.cn/static/sgmw/C30EV.png"},"name":"长城C30EV","rangeMileage":200,"seats":5,"type":"纯电动"},"outletSummary":{"id":11,"name":"自动化测试网点4","address":{"description":"翠园街隆兴路东行200米","place":"河北省 保定市"},"position":{"latitude":"38.900919","longitude":"115.476423\t"},"pickupDiscount":0.00,"returnDiscount":0.00},"plateNum":"冀K00016","position":{"latitude":"38.900919","longitude":"115.476423"},"rentStatusEnum":{"code":"for_rent","description":"待租"},"stat":{"charging":false,"electricity":95.00,"endurance":0,"estimateFullChargeTime":0,"estimateHalfChargeTime":0,"mileage":1.00,"position":{"latitude":"38.900919","longitude":"115.476423"}},"tboxId":"A0000000000000016","vehicleBelongEnum":{"code":"public","description":"公有"},"vinCode":"A0000000000000016"},{"age":6,"color":"白色","device":"","discount":0.00,"distance":4113,"id":51,"lastCleanDate":1506787200000,"mode":{"id":1,"image":{"imageUrl":"https://s3.cn-north-1.amazonaws.com.cn/dev.conti-x.cn/static/sgmw/C30EV.png"},"name":"长城C30EV","rangeMileage":200,"seats":5,"type":"纯电动"},"outletSummary":{"id":14,"name":"自动化测试网点7","address":{"description":"天鹅路翠园街东行200米","place":"河北省 保定市"},"position":{"latitude":"38.890469","longitude":"115.47586"},"pickupDiscount":0.00,"returnDiscount":0.00},"plateNum":"冀K00030","position":{"latitude":"38.890469","longitude":"115.47586"},"rentStatusEnum":{"code":"for_rent","description":"待租"},"stat":{"charging":false,"electricity":95.00,"endurance":0,"estimateFullChargeTime":0,"estimateHalfChargeTime":0,"mileage":1.00,"position":{"latitude":"38.890469","longitude":"115.47586"}},"tboxId":"A0000000000000030","vehicleBelongEnum":{"code":"public","description":"公有"},"vinCode":"A0000000000000030"},{"age":6,"color":"白色","device":"","discount":0.00,"distance":12181224,"id":30,"lastCleanDate":1506787200000,"mode":{"id":1,"image":{"imageUrl":"https://s3.cn-north-1.amazonaws.com.cn/dev.conti-x.cn/static/sgmw/C30EV.png"},"name":"长城C30EV","rangeMileage":200,"seats":5,"type":"纯电动"},"outletSummary":{"id":9,"name":"自动化测试网点2","address":{"description":"北二环火炬路","place":"河北省 保定市"},"position":{"latitude":"38.9153","longitude":"115.472502\t"},"pickupDiscount":0.00,"returnDiscount":0.00},"plateNum":"冀K00009","position":{"latitude":"0","longitude":"0"},"rentStatusEnum":{"code":"for_rent","description":"待租"},"stat":{"charging":false,"electricity":95.00,"endurance":0,"estimateFullChargeTime":0,"estimateHalfChargeTime":0,"mileage":1.00,"position":{"latitude":"0","longitude":"0"}},"tboxId":"A0000000000000009","vehicleBelongEnum":{"code":"public","description":"公有"},"vinCode":"A0000000000000009"},{"age":6,"color":"白色","device":"","discount":0.00,"distance":12181224,"id":23,"lastCleanDate":1506787200000,"mode":{"id":1,"image":{"imageUrl":"https://s3.cn-north-1.amazonaws.com.cn/dev.conti-x.cn/static/sgmw/C30EV.png"},"name":"长城C30EV","rangeMileage":200,"seats":5,"type":"纯电动"},"outletSummary":{"id":8,"name":"自动化测试网点1","address":{"description":"朝阳大街横滨路东行","place":"河北省 保定市"},"position":{"latitude":"38.927453","longitude":"115.474712"},"pickupDiscount":0.00,"returnDiscount":0.00},"plateNum":"冀K00002","position":{"latitude":"0","longitude":"0"},"rentStatusEnum":{"code":"for_rent","description":"待租"},"stat":{"charging":false,"electricity":95.00,"endurance":0,"estimateFullChargeTime":0,"estimateHalfChargeTime":0,"mileage":1.00,"position":{"latitude":"0","longitude":"0"}},"tboxId":"A0000000000000002","vehicleBelongEnum":{"code":"public","description":"公有"},"vinCode":"A0000000000000002"},{"age":6,"color":"白色","device":"","discount":0.00,"distance":4452,"id":62,"lastCleanDate":1506787200000,"mode":{"id":1,"image":{"imageUrl":"https://s3.cn-north-1.amazonaws.com.cn/dev.conti-x.cn/static/sgmw/C30EV.png"},"name":"长城C30EV","rangeMileage":200,"seats":5,"type":"纯电动"},"outletSummary":{"id":16,"name":"自动化测试网点9","address":{"description":"翠园街秀园路东南角建华大街1029号","place":"河北省 保定市"},"position":{"latitude":"38.887429","longitude":"115.473204"},"pickupDiscount":0.00,"returnDiscount":0.00},"plateNum":"冀K00041","position":{"latitude":"38.887429","longitude":"115.473204"},"rentStatusEnum":{"code":"for_rent","description":"待租"},"stat":{"charging":false,"electricity":95.00,"endurance":0,"estimateFullChargeTime":0,"estimateHalfChargeTime":0,"mileage":1.00,"position":{"latitude":"38.887429","longitude":"115.473204"}},"tboxId":"A0000000000000041","vehicleBelongEnum":{"code":"public","description":"公有"},"vinCode":"A0000000000000041"},{"age":6,"color":"白色","device":"","discount":0.00,"distance":12181224,"id":69,"lastCleanDate":1506787200000,"mode":{"id":1,"image":{"imageUrl":"https://s3.cn-north-1.amazonaws.com.cn/dev.conti-x.cn/static/sgmw/C30EV.png"},"name":"长城C30EV","rangeMileage":200,"seats":5,"type":"纯电动"},"outletSummary":{"id":17,"name":"自动化测试网点10","address":{"description":"朝阳大街七一路东行500米北","place":"河北省 保定市"},"position":{"latitude":"38.882293","longitude":"115.475334"},"pickupDiscount":0.00,"returnDiscount":0.00},"plateNum":"冀K00048","position":{"latitude":"0","longitude":"0"},"rentStatusEnum":{"code":"for_rent","description":"待租"},"stat":{"charging":false,"electricity":95.00,"endurance":0,"estimateFullChargeTime":0,"estimateHalfChargeTime":0,"mileage":1.00,"position":{"latitude":"0","longitude":"0"}},"tboxId":"A0000000000000048","vehicleBelongEnum":{"code":"public","description":"公有"},"vinCode":"A0000000000000048"},{"age":6,"color":"白色","device":"","discount":0.00,"distance":3228,"id":41,"lastCleanDate":1506787200000,"mode":{"id":1,"image":{"imageUrl":"https://s3.cn-north-1.amazonaws.com.cn/dev.conti-x.cn/static/sgmw/C30EV.png"},"name":"长城C30EV","rangeMileage":200,"seats":5,"type":"纯电动"},"outletSummary":{"id":12,"name":"自动化测试网点5","address":{"description":"翠园街银杏路东行300米","place":"河北省 保定市"},"position":{"latitude":"38.898477","longitude":"115.477008"},"pickupDiscount":0.00,"returnDiscount":0.00},"plateNum":"冀K00020","position":{"latitude":"38.898477","longitude":"115.477008"},"rentStatusEnum":{"code":"for_rent","description":"待租"},"stat":{"charging":false,"electricity":95.00,"endurance":0,"estimateFullChargeTime":0,"estimateHalfChargeTime":0,"mileage":1.00,"position":{"latitude":"38.898477","longitude":"115.477008"}},"tboxId":"A0000000000000020","vehicleBelongEnum":{"code":"public","description":"公有"},"vinCode":"A0000000000000020"},{"age":6,"color":"白色","device":"","discount":0.00,"distance":4113,"id":55,"lastCleanDate":1506787200000,"mode":{"id":1,"image":{"imageUrl":"https://s3.cn-north-1.amazonaws.com.cn/dev.conti-x.cn/static/sgmw/C30EV.png"},"name":"长城C30EV","rangeMileage":200,"seats":5,"type":"纯电动"},"outletSummary":{"id":14,"name":"自动化测试网点7","address":{"description":"天鹅路翠园街东行200米","place":"河北省 保定市"},"position":{"latitude":"38.890469","longitude":"115.47586"},"pickupDiscount":0.00,"returnDiscount":0.00},"plateNum":"冀K00034","position":{"latitude":"38.890469","longitude":"115.47586"},"rentStatusEnum":{"code":"for_rent","description":"待租"},"stat":{"charging":false,"electricity":95.00,"endurance":0,"estimateFullChargeTime":0,"estimateHalfChargeTime":0,"mileage":1.00,"position":{"latitude":"38.890469","longitude":"115.47586"}},"tboxId":"A0000000000000034","vehicleBelongEnum":{"code":"public","description":"公有"},"vinCode":"A0000000000000034"},{"age":6,"color":"白色","device":"","discount":0.00,"distance":2733,"id":34,"lastCleanDate":1506787200000,"mode":{"id":1,"image":{"imageUrl":"https://s3.cn-north-1.amazonaws.com.cn/dev.conti-x.cn/static/sgmw/C30EV.png"},"name":"长城C30EV","rangeMileage":200,"seats":5,"type":"纯电动"},"outletSummary":{"id":10,"name":"自动化测试网点3","address":{"description":"云杉路翠园街西南角","place":"河北省 保定市"},"position":{"latitude":"38.902927","longitude":"115.472491"},"pickupDiscount":0.00,"returnDiscount":0.00},"plateNum":"冀K00013","position":{"latitude":"38.902927","longitude":"115.472491"},"rentStatusEnum":{"code":"for_rent","description":"待租"},"stat":{"charging":false,"electricity":95.00,"endurance":0,"estimateFullChargeTime":0,"estimateHalfChargeTime":0,"mileage":1.00,"position":{"latitude":"38.902927","longitude":"115.472491"}},"tboxId":"A0000000000000013","vehicleBelongEnum":{"code":"public","description":"公有"},"vinCode":"A0000000000000013"},{"age":6,"color":"白色","device":"","discount":0.00,"distance":3572,"id":48,"lastCleanDate":1506787200000,"mode":{"id":1,"image":{"imageUrl":"https://s3.cn-north-1.amazonaws.com.cn/dev.conti-x.cn/static/sgmw/C30EV.png"},"name":"长城C30EV","rangeMileage":200,"seats":5,"type":"纯电动"},"outletSummary":{"id":13,"name":"自动化测试网点6","address":{"description":"翠园街复兴路口东行200米","place":"河北省 保定市"},"position":{"latitude":"38.895329","longitude":"115.475291"},"pickupDiscount":0.00,"returnDiscount":0.00},"plateNum":"冀K00027","position":{"latitude":"38.895329","longitude":"115.475291"},"rentStatusEnum":{"code":"for_rent","description":"待租"},"stat":{"charging":false,"electricity":95.00,"endurance":0,"estimateFullChargeTime":0,"estimateHalfChargeTime":0,"mileage":1.00,"position":{"latitude":"38.895329","longitude":"115.475291"}},"tboxId":"A0000000000000027","vehicleBelongEnum":{"code":"public","description":"公有"},"vinCode":"A0000000000000027"}]},"message":""}]]>
    </line>
  </reporter-output>
  <suite name="接口自动化测试" duration-ms="631" started-at="2017-12-14T01:40:49Z" finished-at="2017-12-14T01:40:50Z">
    <groups>
    </groups>
    <test name="自动化测试用例" duration-ms="631" started-at="2017-12-14T01:40:49Z" finished-at="2017-12-14T01:40:50Z">
      <class name="test.com.sen.api.ApiTest">
        <test-method status="PASS" signature="init(java.lang.String)[pri:0, instance:test.com.sen.api.ApiTest@6d4b1c02]" name="init" is-config="true" duration-ms="324" started-at="2017-12-14T09:40:49Z" finished-at="2017-12-14T09:40:49Z">
          <params>
            <param index="0">
              <value>
                <![CDATA[api-config.xml]]>
              </value>
            </param>
          </params>
          <reporter-output>
            <line>
              <![CDATA[1513215649282===api config path:/Users/edz/Documents/workspace/api_autotest/api-config.xml]]>
            </line>
          </reporter-output>
        </test-method> <!-- init -->
        <test-method status="PASS" signature="readData(java.lang.String, java.lang.String)[pri:0, instance:test.com.sen.api.ApiTest@6d4b1c02]" name="readData" is-config="true" duration-ms="254" started-at="2017-12-14T09:40:49Z" finished-at="2017-12-14T09:40:49Z">
          <params>
            <param index="0">
              <value>
                <![CDATA[case/api-data.xls]]>
              </value>
            </param>
            <param index="1">
              <value>
                <![CDATA[Sheet1]]>
              </value>
            </param>
          </params>
          <reporter-output>
          </reporter-output>
        </test-method> <!-- readData -->
        <test-method status="FAIL" signature="apiTest(com.sen.api.beans.ApiDataBean)[pri:0, instance:test.com.sen.api.ApiTest@6d4b1c02]" name="apiTest" duration-ms="226" started-at="2017-12-14T09:40:49Z" data-provider="apiDatas" finished-at="2017-12-14T09:40:50Z">
          <params>
            <param index="0">
              <value>
                <![CDATA[desc:所有货币查询接口,method:get,url:/netpopo/exchange/currency,param:]]>
              </value>
            </param>
          </params>
          <exception class="com.alibaba.fastjson.JSONException">
            <message>
              <![CDATA[syntax error, pos 1, json : <!DOCTYPE html><html><head><title>Apache Tomcat/8.0.30 - Error report</title><style type="text/css">H1 {font-family:Tahoma,Arial,sans-serif;color:white;background-color:#525D76;font-size:22px;} H2 {font-family:Tahoma,Arial,sans-serif;color:white;background-color:#525D76;font-size:16px;} H3 {font-family:Tahoma,Arial,sans-serif;color:white;background-color:#525D76;font-size:14px;} BODY {font-family:Tahoma,Arial,sans-serif;color:black;background-color:white;} B {font-family:Tahoma,Arial,sans-serif;color:white;background-color:#525D76;} P {font-family:Tahoma,Arial,sans-serif;background:white;color:black;font-size:12px;}A {color : black;}A.name {color : black;}.line {height: 1px; background-color: #525D76; border: none;}</style> </head><body><h1>HTTP Status 404 - </h1><div class="line"></div><p><b>type</b> Status report</p><p><b>message</b> <u></u></p><p><b>description</b> <u>The requested resource is not available.</u></p><hr class="line"><h3>Apache Tomcat/8.0.30</h3></body></html>]]>
            </message>
            <full-stacktrace>
              <![CDATA[com.alibaba.fastjson.JSONException: syntax error, pos 1, json : <!DOCTYPE html><html><head><title>Apache Tomcat/8.0.30 - Error report</title><style type="text/css">H1 {font-family:Tahoma,Arial,sans-serif;color:white;background-color:#525D76;font-size:22px;} H2 {font-family:Tahoma,Arial,sans-serif;color:white;background-color:#525D76;font-size:16px;} H3 {font-family:Tahoma,Arial,sans-serif;color:white;background-color:#525D76;font-size:14px;} BODY {font-family:Tahoma,Arial,sans-serif;color:black;background-color:white;} B {font-family:Tahoma,Arial,sans-serif;color:white;background-color:#525D76;} P {font-family:Tahoma,Arial,sans-serif;background:white;color:black;font-size:12px;}A {color : black;}A.name {color : black;}.line {height: 1px; background-color: #525D76; border: none;}</style> </head><body><h1>HTTP Status 404 - </h1><div class="line"></div><p><b>type</b> Status report</p><p><b>message</b> <u></u></p><p><b>description</b> <u>The requested resource is not available.</u></p><hr class="line"><h3>Apache Tomcat/8.0.30</h3></body></html>
	at com.alibaba.fastjson.parser.DefaultJSONParser.parse(DefaultJSONParser.java:1361)
	at com.alibaba.fastjson.parser.DefaultJSONParser.parse(DefaultJSONParser.java:1268)
	at com.alibaba.fastjson.JSON.parse(JSON.java:125)
	at com.alibaba.fastjson.JSON.parse(JSON.java:116)
	at com.alibaba.fastjson.JSONPath.read(JSONPath.java:304)
	at test.com.sen.api.TestBase.getBuildValue(TestBase.java:169)
	at test.com.sen.api.TestBase.verifyResult(TestBase.java:149)
	at test.com.sen.api.ApiTest.apiTest(ApiTest.java:188)
	at sun.reflect.NativeMethodAccessorImpl.invoke0(Native Method)
	at sun.reflect.NativeMethodAccessorImpl.invoke(NativeMethodAccessorImpl.java:62)
	at sun.reflect.DelegatingMethodAccessorImpl.invoke(DelegatingMethodAccessorImpl.java:43)
	at java.lang.reflect.Method.invoke(Method.java:498)
	at org.testng.internal.MethodInvocationHelper.invokeMethod(MethodInvocationHelper.java:80)
	at org.testng.internal.Invoker.invokeMethod(Invoker.java:714)
	at org.testng.internal.Invoker.invokeTestMethod(Invoker.java:901)
	at org.testng.internal.Invoker.invokeTestMethods(Invoker.java:1231)
	at org.testng.internal.TestMethodWorker.invokeTestMethods(TestMethodWorker.java:127)
	at org.testng.internal.TestMethodWorker.run(TestMethodWorker.java:111)
	at org.testng.TestRunner.privateRun(TestRunner.java:767)
	at org.testng.TestRunner.run(TestRunner.java:617)
	at org.testng.SuiteRunner.runTest(SuiteRunner.java:334)
	at org.testng.SuiteRunner.runSequentially(SuiteRunner.java:329)
	at org.testng.SuiteRunner.privateRun(SuiteRunner.java:291)
	at org.testng.SuiteRunner.run(SuiteRunner.java:240)
	at org.testng.SuiteRunnerWorker.runSuite(SuiteRunnerWorker.java:52)
	at org.testng.SuiteRunnerWorker.run(SuiteRunnerWorker.java:86)
	at org.testng.TestNG.runSuitesSequentially(TestNG.java:1198)
	at org.testng.TestNG.runSuitesLocally(TestNG.java:1123)
	at org.testng.TestNG.run(TestNG.java:1031)
	at org.testng.remote.AbstractRemoteTestNG.run(AbstractRemoteTestNG.java:132)
	at org.testng.remote.RemoteTestNG.initAndRun(RemoteTestNG.java:236)
	at org.testng.remote.RemoteTestNG.main(RemoteTestNG.java:81)
]]>
            </full-stacktrace>
          </exception> <!-- com.alibaba.fastjson.JSONException -->
          <reporter-output>
            <line>
              <![CDATA[1513215649847===--- test start ---]]>
            </line>
            <line>
              <![CDATA[1513215649847===method:get]]>
            </line>
            <line>
              <![CDATA[1513215649847===url:http://ec2-54-223-127-182.cn-north-1.compute.amazonaws.com.cn:8082/netpopo/exchange/currency]]>
            </line>
            <line>
              <![CDATA[1513215649847===param:]]>
            </line>
            <line>
              <![CDATA[1513215649994===返回状态码：404]]>
            </line>
            <line>
              <![CDATA[1513215649997===resp:<!DOCTYPE html><html><head><title>Apache Tomcat/8.0.30 - Error report</title><style type="text/css">H1 {font-family:Tahoma,Arial,sans-serif;color:white;background-color:#525D76;font-size:22px;} H2 {font-family:Tahoma,Arial,sans-serif;color:white;background-color:#525D76;font-size:16px;} H3 {font-family:Tahoma,Arial,sans-serif;color:white;background-color:#525D76;font-size:14px;} BODY {font-family:Tahoma,Arial,sans-serif;color:black;background-color:white;} B {font-family:Tahoma,Arial,sans-serif;color:white;background-color:#525D76;} P {font-family:Tahoma,Arial,sans-serif;background:white;color:black;font-size:12px;}A {color : black;}A.name {color : black;}.line {height: 1px; background-color: #525D76; border: none;}</style> </head><body><h1>HTTP Status 404 - </h1><div class="line"></div><p><b>type</b> Status report</p><p><b>message</b> <u></u></p><p><b>description</b> <u>The requested resource is not available.</u></p><hr class="line"><h3>Apache Tomcat/8.0.30</h3></body></html>]]>
            </line>
            <line>
              <![CDATA[1513215649997===验证数据：$.status=0]]>
            </line>
          </reporter-output>
        </test-method> <!-- apiTest -->
        <test-method status="FAIL" signature="apiTest(com.sen.api.beans.ApiDataBean)[pri:0, instance:test.com.sen.api.ApiTest@6d4b1c02]" name="apiTest" duration-ms="5" started-at="2017-12-14T09:40:50Z" data-provider="apiDatas" finished-at="2017-12-14T09:40:50Z">
          <params>
            <param index="0">
              <value>
                <![CDATA[desc:单个货币接口,method:get,url:/netpopo/exchange/single?currency=${first_currency},param:]]>
              </value>
            </param>
          </params>
          <exception class="java.lang.AssertionError">
            <message>
              <![CDATA[格式化参数失败，公共参数中找不到first_currency。 expected object to not be null]]>
            </message>
            <full-stacktrace>
              <![CDATA[java.lang.AssertionError: 格式化参数失败，公共参数中找不到first_currency。 expected object to not be null
	at org.testng.Assert.fail(Assert.java:94)
	at org.testng.Assert.assertNotNull(Assert.java:404)
	at test.com.sen.api.TestBase.getCommonParam(TestBase.java:112)
	at test.com.sen.api.ApiTest.parseUrl(ApiTest.java:259)
	at test.com.sen.api.ApiTest.parseHttpRequest(ApiTest.java:218)
	at test.com.sen.api.ApiTest.apiTest(ApiTest.java:140)
	at sun.reflect.NativeMethodAccessorImpl.invoke0(Native Method)
	at sun.reflect.NativeMethodAccessorImpl.invoke(NativeMethodAccessorImpl.java:62)
	at sun.reflect.DelegatingMethodAccessorImpl.invoke(DelegatingMethodAccessorImpl.java:43)
	at java.lang.reflect.Method.invoke(Method.java:498)
	at org.testng.internal.MethodInvocationHelper.invokeMethod(MethodInvocationHelper.java:80)
	at org.testng.internal.Invoker.invokeMethod(Invoker.java:714)
	at org.testng.internal.Invoker.invokeTestMethod(Invoker.java:901)
	at org.testng.internal.Invoker.invokeTestMethods(Invoker.java:1231)
	at org.testng.internal.TestMethodWorker.invokeTestMethods(TestMethodWorker.java:127)
	at org.testng.internal.TestMethodWorker.run(TestMethodWorker.java:111)
	at org.testng.TestRunner.privateRun(TestRunner.java:767)
	at org.testng.TestRunner.run(TestRunner.java:617)
	at org.testng.SuiteRunner.runTest(SuiteRunner.java:334)
	at org.testng.SuiteRunner.runSequentially(SuiteRunner.java:329)
	at org.testng.SuiteRunner.privateRun(SuiteRunner.java:291)
	at org.testng.SuiteRunner.run(SuiteRunner.java:240)
	at org.testng.SuiteRunnerWorker.runSuite(SuiteRunnerWorker.java:52)
	at org.testng.SuiteRunnerWorker.run(SuiteRunnerWorker.java:86)
	at org.testng.TestNG.runSuitesSequentially(TestNG.java:1198)
	at org.testng.TestNG.runSuitesLocally(TestNG.java:1123)
	at org.testng.TestNG.run(TestNG.java:1031)
	at org.testng.remote.AbstractRemoteTestNG.run(AbstractRemoteTestNG.java:132)
	at org.testng.remote.RemoteTestNG.initAndRun(RemoteTestNG.java:236)
	at org.testng.remote.RemoteTestNG.main(RemoteTestNG.java:81)
]]>
            </full-stacktrace>
          </exception> <!-- java.lang.AssertionError -->
          <reporter-output>
            <line>
              <![CDATA[1513215650073===--- test start ---]]>
            </line>
          </reporter-output>
        </test-method> <!-- apiTest -->
        <test-method status="PASS" signature="apiTest(com.sen.api.beans.ApiDataBean)[pri:0, instance:test.com.sen.api.ApiTest@6d4b1c02]" name="apiTest" duration-ms="129" started-at="2017-12-14T09:40:50Z" data-provider="apiDatas" finished-at="2017-12-14T09:40:50Z">
          <params>
            <param index="0">
              <value>
                <![CDATA[desc:查询x2x车辆列表,method:get,url:/all-vehicles?city=${city}&latitude=${latitude}&longitude=${longitude},param:]]>
              </value>
            </param>
          </params>
          <reporter-output>
            <line>
              <![CDATA[1513215650080===--- test start ---]]>
            </line>
            <line>
              <![CDATA[1513215650081===method:get]]>
            </line>
            <line>
              <![CDATA[1513215650081===url:http://ec2-54-223-127-182.cn-north-1.compute.amazonaws.com.cn:8082/all-vehicles?city=130600&latitude=38.927453&longitude=115.474712]]>
            </line>
            <line>
              <![CDATA[1513215650081===param:]]>
            </line>
            <line>
              <![CDATA[1513215650122===返回状态码：200]]>
            </line>
            <line>
              <![CDATA[1513215650205===resp:{"code":"0","data":{"list":[{"age":6,"color":"白色","device":"","discount":0.00,"distance":553,"id":21,"lastCleanDate":1506787200000,"mode":{"id":1,"image":{"imageUrl":"https://s3.cn-north-1.amazonaws.com.cn/dev.conti-x.cn/static/sgmw/C30EV.png"},"name":"长城C30EV","rangeMileage":200,"seats":5,"type":"纯电动"},"outletSummary":{"id":8,"name":"自动化测试网点1","address":{"description":"朝阳大街横滨路东行","place":"河北省 保定市"},"position":{"latitude":"38.927453","longitude":"115.474712"},"pickupDiscount":0.00,"returnDiscount":0.00},"plateNum":"冀K00000","position":{"latitude":"38.928357","longitude":"115.481002"},"rentStatusEnum":{"code":"for_rent","description":"待租"},"stat":{"charging":false,"electricity":100.00,"endurance":100,"estimateFullChargeTime":1,"estimateHalfChargeTime":0,"mileage":20.00,"position":{"latitude":"38.928357","longitude":"115.481002"}},"tboxId":"A0000000000000000","vehicleBelongEnum":{"code":"public","description":"公有"},"vinCode":"A0000000000000000"},{"age":6,"color":"白色","device":"","discount":0.00,"distance":12181224,"id":27,"lastCleanDate":1506787200000,"mode":{"id":1,"image":{"imageUrl":"https://s3.cn-north-1.amazonaws.com.cn/dev.conti-x.cn/static/sgmw/C30EV.png"},"name":"长城C30EV","rangeMileage":200,"seats":5,"type":"纯电动"},"outletSummary":{"id":9,"name":"自动化测试网点2","address":{"description":"北二环火炬路","place":"河北省 保定市"},"position":{"latitude":"38.9153","longitude":"115.472502\t"},"pickupDiscount":0.00,"returnDiscount":0.00},"plateNum":"冀K00006","position":{"latitude":"0","longitude":"0"},"rentStatusEnum":{"code":"for_rent","description":"待租"},"stat":{"charging":false,"electricity":95.00,"endurance":0,"estimateFullChargeTime":0,"estimateHalfChargeTime":0,"mileage":1.00,"position":{"latitude":"0","longitude":"0"}},"tboxId":"A0000000000000006","vehicleBelongEnum":{"code":"public","description":"公有"},"vinCode":"A0000000000000006"},{"age":6,"color":"白色","device":"","discount":0.00,"distance":12181224,"id":66,"lastCleanDate":1506787200000,"mode":{"id":1,"image":{"imageUrl":"https://s3.cn-north-1.amazonaws.com.cn/dev.conti-x.cn/static/sgmw/C30EV.png"},"name":"长城C30EV","rangeMileage":200,"seats":5,"type":"纯电动"},"outletSummary":{"id":17,"name":"自动化测试网点10","address":{"description":"朝阳大街七一路东行500米北","place":"河北省 保定市"},"position":{"latitude":"38.882293","longitude":"115.475334"},"pickupDiscount":0.00,"returnDiscount":0.00},"plateNum":"冀K00045","position":{"latitude":"0","longitude":"0"},"rentStatusEnum":{"code":"for_rent","description":"待租"},"stat":{"charging":false,"electricity":95.00,"endurance":0,"estimateFullChargeTime":0,"estimateHalfChargeTime":0,"mileage":1.00,"position":{"latitude":"0","longitude":"0"}},"tboxId":"A0000000000000045","vehicleBelongEnum":{"code":"public","description":"公有"},"vinCode":"A0000000000000045"},{"age":6,"color":"白色","device":"","discount":0.00,"distance":4135,"id":59,"lastCleanDate":1506787200000,"mode":{"id":1,"image":{"imageUrl":"https://s3.cn-north-1.amazonaws.com.cn/dev.conti-x.cn/static/sgmw/C30EV.png"},"name":"长城C30EV","rangeMileage":200,"seats":5,"type":"纯电动"},"outletSummary":{"id":15,"name":"自动化测试网点8","address":{"description":"朝阳大街天鹅路东南角建华大街1029号","place":"河北省 保定市"},"position":{"latitude":"38.890381","longitude":"115.470817"},"pickupDiscount":0.00,"returnDiscount":0.00},"plateNum":"冀K00038","position":{"latitude":"38.890381","longitude":"115.470817"},"rentStatusEnum":{"code":"for_rent","description":"待租"},"stat":{"charging":false,"electricity":95.00,"endurance":0,"estimateFullChargeTime":0,"estimateHalfChargeTime":0,"mileage":1.00,"position":{"latitude":"38.890381","longitude":"115.470817"}},"tboxId":"A0000000000000038","vehicleBelongEnum":{"code":"public","description":"公有"},"vinCode":"A0000000000000038"},{"age":6,"color":"白色","device":"","discount":0.00,"distance":2954,"id":38,"lastCleanDate":1506787200000,"mode":{"id":1,"image":{"imageUrl":"https://s3.cn-north-1.amazonaws.com.cn/dev.conti-x.cn/static/sgmw/C30EV.png"},"name":"长城C30EV","rangeMileage":200,"seats":5,"type":"纯电动"},"outletSummary":{"id":11,"name":"自动化测试网点4","address":{"description":"翠园街隆兴路东行200米","place":"河北省 保定市"},"position":{"latitude":"38.900919","longitude":"115.476423\t"},"pickupDiscount":0.00,"returnDiscount":0.00},"plateNum":"冀K00017","position":{"latitude":"38.900919","longitude":"115.476423"},"rentStatusEnum":{"code":"for_rent","description":"待租"},"stat":{"charging":false,"electricity":95.00,"endurance":0,"estimateFullChargeTime":0,"estimateHalfChargeTime":0,"mileage":1.00,"position":{"latitude":"38.900919","longitude":"115.476423"}},"tboxId":"A0000000000000017","vehicleBelongEnum":{"code":"public","description":"公有"},"vinCode":"A0000000000000017"},{"age":6,"color":"白色","device":"","discount":0.00,"distance":4113,"id":52,"lastCleanDate":1506787200000,"mode":{"id":1,"image":{"imageUrl":"https://s3.cn-north-1.amazonaws.com.cn/dev.conti-x.cn/static/sgmw/C30EV.png"},"name":"长城C30EV","rangeMileage":200,"seats":5,"type":"纯电动"},"outletSummary":{"id":14,"name":"自动化测试网点7","address":{"description":"天鹅路翠园街东行200米","place":"河北省 保定市"},"position":{"latitude":"38.890469","longitude":"115.47586"},"pickupDiscount":0.00,"returnDiscount":0.00},"plateNum":"冀K00031","position":{"latitude":"38.890469","longitude":"115.47586"},"rentStatusEnum":{"code":"for_rent","description":"待租"},"stat":{"charging":false,"electricity":95.00,"endurance":0,"estimateFullChargeTime":0,"estimateHalfChargeTime":0,"mileage":1.00,"position":{"latitude":"38.890469","longitude":"115.47586"}},"tboxId":"A0000000000000031","vehicleBelongEnum":{"code":"public","description":"公有"},"vinCode":"A0000000000000031"},{"age":6,"color":"白色","device":"","discount":0.00,"distance":3228,"id":45,"lastCleanDate":1506787200000,"mode":{"id":1,"image":{"imageUrl":"https://s3.cn-north-1.amazonaws.com.cn/dev.conti-x.cn/static/sgmw/C30EV.png"},"name":"长城C30EV","rangeMileage":200,"seats":5,"type":"纯电动"},"outletSummary":{"id":12,"name":"自动化测试网点5","address":{"description":"翠园街银杏路东行300米","place":"河北省 保定市"},"position":{"latitude":"38.898477","longitude":"115.477008"},"pickupDiscount":0.00,"returnDiscount":0.00},"plateNum":"冀K00024","position":{"latitude":"38.898477","longitude":"115.477008"},"rentStatusEnum":{"code":"for_rent","description":"待租"},"stat":{"charging":false,"electricity":95.00,"endurance":0,"estimateFullChargeTime":0,"estimateHalfChargeTime":0,"mileage":1.00,"position":{"latitude":"38.898477","longitude":"115.477008"}},"tboxId":"A0000000000000024","vehicleBelongEnum":{"code":"public","description":"公有"},"vinCode":"A0000000000000024"},{"age":6,"color":"白色","device":"","discount":0.00,"distance":2733,"id":31,"lastCleanDate":1506787200000,"mode":{"id":1,"image":{"imageUrl":"https://s3.cn-north-1.amazonaws.com.cn/dev.conti-x.cn/static/sgmw/C30EV.png"},"name":"长城C30EV","rangeMileage":200,"seats":5,"type":"纯电动"},"outletSummary":{"id":10,"name":"自动化测试网点3","address":{"description":"云杉路翠园街西南角","place":"河北省 保定市"},"position":{"latitude":"38.902927","longitude":"115.472491"},"pickupDiscount":0.00,"returnDiscount":0.00},"plateNum":"冀K00010","position":{"latitude":"38.902927","longitude":"115.472491"},"rentStatusEnum":{"code":"for_rent","description":"待租"},"stat":{"charging":false,"electricity":95.00,"endurance":0,"estimateFullChargeTime":0,"estimateHalfChargeTime":0,"mileage":1.00,"position":{"latitude":"38.902927","longitude":"115.472491"}},"tboxId":"A0000000000000010","vehicleBelongEnum":{"code":"public","description":"公有"},"vinCode":"A0000000000000010"},{"age":6,"color":"白色","device":"","discount":0.00,"distance":12181224,"id":24,"lastCleanDate":1506787200000,"mode":{"id":1,"image":{"imageUrl":"https://s3.cn-north-1.amazonaws.com.cn/dev.conti-x.cn/static/sgmw/C30EV.png"},"name":"长城C30EV","rangeMileage":200,"seats":5,"type":"纯电动"},"outletSummary":{"id":8,"name":"自动化测试网点1","address":{"description":"朝阳大街横滨路东行","place":"河北省 保定市"},"position":{"latitude":"38.927453","longitude":"115.474712"},"pickupDiscount":0.00,"returnDiscount":0.00},"plateNum":"冀K00003","position":{"latitude":"0","longitude":"0"},"rentStatusEnum":{"code":"for_rent","description":"待租"},"stat":{"charging":false,"electricity":95.00,"endurance":0,"estimateFullChargeTime":0,"estimateHalfChargeTime":0,"mileage":1.00,"position":{"latitude":"0","longitude":"0"}},"tboxId":"A0000000000000003","vehicleBelongEnum":{"code":"public","description":"公有"},"vinCode":"A0000000000000003"},{"age":6,"color":"白色","device":"","discount":0.00,"distance":4452,"id":63,"lastCleanDate":1506787200000,"mode":{"id":1,"image":{"imageUrl":"https://s3.cn-north-1.amazonaws.com.cn/dev.conti-x.cn/static/sgmw/C30EV.png"},"name":"长城C30EV","rangeMileage":200,"seats":5,"type":"纯电动"},"outletSummary":{"id":16,"name":"自动化测试网点9","address":{"description":"翠园街秀园路东南角建华大街1029号","place":"河北省 保定市"},"position":{"latitude":"38.887429","longitude":"115.473204"},"pickupDiscount":0.00,"returnDiscount":0.00},"plateNum":"冀K00042","position":{"latitude":"38.887429","longitude":"115.473204"},"rentStatusEnum":{"code":"for_rent","description":"待租"},"stat":{"charging":false,"electricity":95.00,"endurance":0,"estimateFullChargeTime":0,"estimateHalfChargeTime":0,"mileage":1.00,"position":{"latitude":"38.887429","longitude":"115.473204"}},"tboxId":"A0000000000000042","vehicleBelongEnum":{"code":"public","description":"公有"},"vinCode":"A0000000000000042"},{"age":6,"color":"白色","device":"","discount":0.00,"distance":4135,"id":56,"lastCleanDate":1506787200000,"mode":{"id":1,"image":{"imageUrl":"https://s3.cn-north-1.amazonaws.com.cn/dev.conti-x.cn/static/sgmw/C30EV.png"},"name":"长城C30EV","rangeMileage":200,"seats":5,"type":"纯电动"},"outletSummary":{"id":15,"name":"自动化测试网点8","address":{"description":"朝阳大街天鹅路东南角建华大街1029号","place":"河北省 保定市"},"position":{"latitude":"38.890381","longitude":"115.470817"},"pickupDiscount":0.00,"returnDiscount":0.00},"plateNum":"冀K00035","position":{"latitude":"38.890381","longitude":"115.470817"},"rentStatusEnum":{"code":"for_rent","description":"待租"},"stat":{"charging":false,"electricity":95.00,"endurance":0,"estimateFullChargeTime":0,"estimateHalfChargeTime":0,"mileage":1.00,"position":{"latitude":"38.890381","longitude":"115.470817"}},"tboxId":"A0000000000000035","vehicleBelongEnum":{"code":"public","description":"公有"},"vinCode":"A0000000000000035"},{"age":6,"color":"白色","device":"","discount":0.00,"distance":12181224,"id":70,"lastCleanDate":1506787200000,"mode":{"id":1,"image":{"imageUrl":"https://s3.cn-north-1.amazonaws.com.cn/dev.conti-x.cn/static/sgmw/C30EV.png"},"name":"长城C30EV","rangeMileage":200,"seats":5,"type":"纯电动"},"outletSummary":{"id":17,"name":"自动化测试网点10","address":{"description":"朝阳大街七一路东行500米北","place":"河北省 保定市"},"position":{"latitude":"38.882293","longitude":"115.475334"},"pickupDiscount":0.00,"returnDiscount":0.00},"plateNum":"冀K00049","position":{"latitude":"0","longitude":"0"},"rentStatusEnum":{"code":"for_rent","description":"待租"},"stat":{"charging":false,"electricity":95.00,"endurance":0,"estimateFullChargeTime":0,"estimateHalfChargeTime":0,"mileage":1.00,"position":{"latitude":"0","longitude":"0"}},"tboxId":"A0000000000000049","vehicleBelongEnum":{"code":"public","description":"公有"},"vinCode":"A0000000000000049"},{"age":6,"color":"白色","device":"","discount":0.00,"distance":3228,"id":42,"lastCleanDate":1506787200000,"mode":{"id":1,"image":{"imageUrl":"https://s3.cn-north-1.amazonaws.com.cn/dev.conti-x.cn/static/sgmw/C30EV.png"},"name":"长城C30EV","rangeMileage":200,"seats":5,"type":"纯电动"},"outletSummary":{"id":12,"name":"自动化测试网点5","address":{"description":"翠园街银杏路东行300米","place":"河北省 保定市"},"position":{"latitude":"38.898477","longitude":"115.477008"},"pickupDiscount":0.00,"returnDiscount":0.00},"plateNum":"冀K00021","position":{"latitude":"38.898477","longitude":"115.477008"},"rentStatusEnum":{"code":"for_rent","description":"待租"},"stat":{"charging":false,"electricity":95.00,"endurance":0,"estimateFullChargeTime":0,"estimateHalfChargeTime":0,"mileage":1.00,"position":{"latitude":"38.898477","longitude":"115.477008"}},"tboxId":"A0000000000000021","vehicleBelongEnum":{"code":"public","description":"公有"},"vinCode":"A0000000000000021"},{"age":6,"color":"白色","device":"","discount":0.00,"distance":2733,"id":35,"lastCleanDate":1506787200000,"mode":{"id":1,"image":{"imageUrl":"https://s3.cn-north-1.amazonaws.com.cn/dev.conti-x.cn/static/sgmw/C30EV.png"},"name":"长城C30EV","rangeMileage":200,"seats":5,"type":"纯电动"},"outletSummary":{"id":10,"name":"自动化测试网点3","address":{"description":"云杉路翠园街西南角","place":"河北省 保定市"},"position":{"latitude":"38.902927","longitude":"115.472491"},"pickupDiscount":0.00,"returnDiscount":0.00},"plateNum":"冀K00014","position":{"latitude":"38.902927","longitude":"115.472491"},"rentStatusEnum":{"code":"for_rent","description":"待租"},"stat":{"charging":false,"electricity":95.00,"endurance":0,"estimateFullChargeTime":0,"estimateHalfChargeTime":0,"mileage":1.00,"position":{"latitude":"38.902927","longitude":"115.472491"}},"tboxId":"A0000000000000014","vehicleBelongEnum":{"code":"public","description":"公有"},"vinCode":"A0000000000000014"},{"age":6,"color":"白色","device":"","discount":0.00,"distance":3572,"id":49,"lastCleanDate":1506787200000,"mode":{"id":1,"image":{"imageUrl":"https://s3.cn-north-1.amazonaws.com.cn/dev.conti-x.cn/static/sgmw/C30EV.png"},"name":"长城C30EV","rangeMileage":200,"seats":5,"type":"纯电动"},"outletSummary":{"id":13,"name":"自动化测试网点6","address":{"description":"翠园街复兴路口东行200米","place":"河北省 保定市"},"position":{"latitude":"38.895329","longitude":"115.475291"},"pickupDiscount":0.00,"returnDiscount":0.00},"plateNum":"冀K00028","position":{"latitude":"38.895329","longitude":"115.475291"},"rentStatusEnum":{"code":"for_rent","description":"待租"},"stat":{"charging":false,"electricity":95.00,"endurance":0,"estimateFullChargeTime":0,"estimateHalfChargeTime":0,"mileage":1.00,"position":{"latitude":"38.895329","longitude":"115.475291"}},"tboxId":"A0000000000000028","vehicleBelongEnum":{"code":"public","description":"公有"},"vinCode":"A0000000000000028"},{"age":6,"color":"白色","device":"","discount":0.00,"distance":12181224,"id":28,"lastCleanDate":1506787200000,"mode":{"id":1,"image":{"imageUrl":"https://s3.cn-north-1.amazonaws.com.cn/dev.conti-x.cn/static/sgmw/C30EV.png"},"name":"长城C30EV","rangeMileage":200,"seats":5,"type":"纯电动"},"outletSummary":{"id":9,"name":"自动化测试网点2","address":{"description":"北二环火炬路","place":"河北省 保定市"},"position":{"latitude":"38.9153","longitude":"115.472502\t"},"pickupDiscount":0.00,"returnDiscount":0.00},"plateNum":"冀K00007","position":{"latitude":"0","longitude":"0"},"rentStatusEnum":{"code":"for_rent","description":"待租"},"stat":{"charging":false,"electricity":95.00,"endurance":0,"estimateFullChargeTime":0,"estimateHalfChargeTime":0,"mileage":1.00,"position":{"latitude":"0","longitude":"0"}},"tboxId":"A0000000000000007","vehicleBelongEnum":{"code":"public","description":"公有"},"vinCode":"A0000000000000007"},{"age":6,"color":"白色","device":"","discount":0.00,"distance":12181224,"id":67,"lastCleanDate":1506787200000,"mode":{"id":1,"image":{"imageUrl":"https://s3.cn-north-1.amazonaws.com.cn/dev.conti-x.cn/static/sgmw/C30EV.png"},"name":"长城C30EV","rangeMileage":200,"seats":5,"type":"纯电动"},"outletSummary":{"id":17,"name":"自动化测试网点10","address":{"description":"朝阳大街七一路东行500米北","place":"河北省 保定市"},"position":{"latitude":"38.882293","longitude":"115.475334"},"pickupDiscount":0.00,"returnDiscount":0.00},"plateNum":"冀K00046","position":{"latitude":"0","longitude":"0"},"rentStatusEnum":{"code":"for_rent","description":"待租"},"stat":{"charging":false,"electricity":95.00,"endurance":0,"estimateFullChargeTime":0,"estimateHalfChargeTime":0,"mileage":1.00,"position":{"latitude":"0","longitude":"0"}},"tboxId":"A0000000000000046","vehicleBelongEnum":{"code":"public","description":"公有"},"vinCode":"A0000000000000046"},{"age":6,"color":"白色","device":"","discount":0.00,"distance":4135,"id":60,"lastCleanDate":1506787200000,"mode":{"id":1,"image":{"imageUrl":"https://s3.cn-north-1.amazonaws.com.cn/dev.conti-x.cn/static/sgmw/C30EV.png"},"name":"长城C30EV","rangeMileage":200,"seats":5,"type":"纯电动"},"outletSummary":{"id":15,"name":"自动化测试网点8","address":{"description":"朝阳大街天鹅路东南角建华大街1029号","place":"河北省 保定市"},"position":{"latitude":"38.890381","longitude":"115.470817"},"pickupDiscount":0.00,"returnDiscount":0.00},"plateNum":"冀K00039","position":{"latitude":"38.890381","longitude":"115.470817"},"rentStatusEnum":{"code":"for_rent","description":"待租"},"stat":{"charging":false,"electricity":95.00,"endurance":0,"estimateFullChargeTime":0,"estimateHalfChargeTime":0,"mileage":1.00,"position":{"latitude":"38.890381","longitude":"115.470817"}},"tboxId":"A0000000000000039","vehicleBelongEnum":{"code":"public","description":"公有"},"vinCode":"A0000000000000039"},{"age":6,"color":"白色","device":"","discount":0.00,"distance":2954,"id":39,"lastCleanDate":1506787200000,"mode":{"id":1,"image":{"imageUrl":"https://s3.cn-north-1.amazonaws.com.cn/dev.conti-x.cn/static/sgmw/C30EV.png"},"name":"长城C30EV","rangeMileage":200,"seats":5,"type":"纯电动"},"outletSummary":{"id":11,"name":"自动化测试网点4","address":{"description":"翠园街隆兴路东行200米","place":"河北省 保定市"},"position":{"latitude":"38.900919","longitude":"115.476423\t"},"pickupDiscount":0.00,"returnDiscount":0.00},"plateNum":"冀K00018","position":{"latitude":"38.900919","longitude":"115.476423"},"rentStatusEnum":{"code":"for_rent","description":"待租"},"stat":{"charging":false,"electricity":95.00,"endurance":0,"estimateFullChargeTime":0,"estimateHalfChargeTime":0,"mileage":1.00,"position":{"latitude":"38.900919","longitude":"115.476423"}},"tboxId":"A0000000000000018","vehicleBelongEnum":{"code":"public","description":"公有"},"vinCode":"A0000000000000018"},{"age":6,"color":"白色","device":"","discount":0.00,"distance":4113,"id":53,"lastCleanDate":1506787200000,"mode":{"id":1,"image":{"imageUrl":"https://s3.cn-north-1.amazonaws.com.cn/dev.conti-x.cn/static/sgmw/C30EV.png"},"name":"长城C30EV","rangeMileage":200,"seats":5,"type":"纯电动"},"outletSummary":{"id":14,"name":"自动化测试网点7","address":{"description":"天鹅路翠园街东行200米","place":"河北省 保定市"},"position":{"latitude":"38.890469","longitude":"115.47586"},"pickupDiscount":0.00,"returnDiscount":0.00},"plateNum":"冀K00032","position":{"latitude":"38.890469","longitude":"115.47586"},"rentStatusEnum":{"code":"for_rent","description":"待租"},"stat":{"charging":false,"electricity":95.00,"endurance":0,"estimateFullChargeTime":0,"estimateHalfChargeTime":0,"mileage":1.00,"position":{"latitude":"38.890469","longitude":"115.47586"}},"tboxId":"A0000000000000032","vehicleBelongEnum":{"code":"public","description":"公有"},"vinCode":"A0000000000000032"},{"age":6,"color":"白色","device":"","discount":0.00,"distance":2733,"id":32,"lastCleanDate":1506787200000,"mode":{"id":1,"image":{"imageUrl":"https://s3.cn-north-1.amazonaws.com.cn/dev.conti-x.cn/static/sgmw/C30EV.p
[...]
00008","position":{"latitude":"0","longitude":"0"},"rentStatusEnum":{"code":"for_rent","description":"待租"},"stat":{"charging":false,"electricity":95.00,"endurance":0,"estimateFullChargeTime":0,"estimateHalfChargeTime":0,"mileage":1.00,"position":{"latitude":"0","longitude":"0"}},"tboxId":"A0000000000000008","vehicleBelongEnum":{"code":"public","description":"公有"},"vinCode":"A0000000000000008"},{"age":6,"color":"白色","device":"","discount":0.00,"distance":12181224,"id":68,"lastCleanDate":1506787200000,"mode":{"id":1,"image":{"imageUrl":"https://s3.cn-north-1.amazonaws.com.cn/dev.conti-x.cn/static/sgmw/C30EV.png"},"name":"长城C30EV","rangeMileage":200,"seats":5,"type":"纯电动"},"outletSummary":{"id":17,"name":"自动化测试网点10","address":{"description":"朝阳大街七一路东行500米北","place":"河北省 保定市"},"position":{"latitude":"38.882293","longitude":"115.475334"},"pickupDiscount":0.00,"returnDiscount":0.00},"plateNum":"冀K00047","position":{"latitude":"0","longitude":"0"},"rentStatusEnum":{"code":"for_rent","description":"待租"},"stat":{"charging":false,"electricity":95.00,"endurance":0,"estimateFullChargeTime":0,"estimateHalfChargeTime":0,"mileage":1.00,"position":{"latitude":"0","longitude":"0"}},"tboxId":"A0000000000000047","vehicleBelongEnum":{"code":"public","description":"公有"},"vinCode":"A0000000000000047"},{"age":6,"color":"白色","device":"","discount":0.00,"distance":12181224,"id":22,"lastCleanDate":1506787200000,"mode":{"id":1,"image":{"imageUrl":"https://s3.cn-north-1.amazonaws.com.cn/dev.conti-x.cn/static/sgmw/C30EV.png"},"name":"长城C30EV","rangeMileage":200,"seats":5,"type":"纯电动"},"outletSummary":{"id":8,"name":"自动化测试网点1","address":{"description":"朝阳大街横滨路东行","place":"河北省 保定市"},"position":{"latitude":"38.927453","longitude":"115.474712"},"pickupDiscount":0.00,"returnDiscount":0.00},"plateNum":"冀K00001","position":{"latitude":"0","longitude":"0"},"rentStatusEnum":{"code":"for_rent","description":"待租"},"stat":{"charging":false,"electricity":95.00,"endurance":0,"estimateFullChargeTime":0,"estimateHalfChargeTime":0,"mileage":1.00,"position":{"latitude":"0","longitude":"0"}},"tboxId":"A0000000000000001","vehicleBelongEnum":{"code":"public","description":"公有"},"vinCode":"A0000000000000001"},{"age":6,"color":"白色","device":"","discount":0.00,"distance":4452,"id":61,"lastCleanDate":1506787200000,"mode":{"id":1,"image":{"imageUrl":"https://s3.cn-north-1.amazonaws.com.cn/dev.conti-x.cn/static/sgmw/C30EV.png"},"name":"长城C30EV","rangeMileage":200,"seats":5,"type":"纯电动"},"outletSummary":{"id":16,"name":"自动化测试网点9","address":{"description":"翠园街秀园路东南角建华大街1029号","place":"河北省 保定市"},"position":{"latitude":"38.887429","longitude":"115.473204"},"pickupDiscount":0.00,"returnDiscount":0.00},"plateNum":"冀K00040","position":{"latitude":"38.887429","longitude":"115.473204"},"rentStatusEnum":{"code":"for_rent","description":"待租"},"stat":{"charging":false,"electricity":95.00,"endurance":0,"estimateFullChargeTime":0,"estimateHalfChargeTime":0,"mileage":1.00,"position":{"latitude":"38.887429","longitude":"115.473204"}},"tboxId":"A0000000000000040","vehicleBelongEnum":{"code":"public","description":"公有"},"vinCode":"A0000000000000040"},{"age":6,"color":"白色","device":"","discount":0.00,"distance":2954,"id":40,"lastCleanDate":1506787200000,"mode":{"id":1,"image":{"imageUrl":"https://s3.cn-north-1.amazonaws.com.cn/dev.conti-x.cn/static/sgmw/C30EV.png"},"name":"长城C30EV","rangeMileage":200,"seats":5,"type":"纯电动"},"outletSummary":{"id":11,"name":"自动化测试网点4","address":{"description":"翠园街隆兴路东行200米","place":"河北省 保定市"},"position":{"latitude":"38.900919","longitude":"115.476423\t"},"pickupDiscount":0.00,"returnDiscount":0.00},"plateNum":"冀K00019","position":{"latitude":"38.900919","longitude":"115.476423"},"rentStatusEnum":{"code":"for_rent","description":"待租"},"stat":{"charging":false,"electricity":95.00,"endurance":0,"estimateFullChargeTime":0,"estimateHalfChargeTime":0,"mileage":1.00,"position":{"latitude":"38.900919","longitude":"115.476423"}},"tboxId":"A0000000000000019","vehicleBelongEnum":{"code":"public","description":"公有"},"vinCode":"A0000000000000019"},{"age":6,"color":"白色","device":"","discount":0.00,"distance":4113,"id":54,"lastCleanDate":1506787200000,"mode":{"id":1,"image":{"imageUrl":"https://s3.cn-north-1.amazonaws.com.cn/dev.conti-x.cn/static/sgmw/C30EV.png"},"name":"长城C30EV","rangeMileage":200,"seats":5,"type":"纯电动"},"outletSummary":{"id":14,"name":"自动化测试网点7","address":{"description":"天鹅路翠园街东行200米","place":"河北省 保定市"},"position":{"latitude":"38.890469","longitude":"115.47586"},"pickupDiscount":0.00,"returnDiscount":0.00},"plateNum":"冀K00033","position":{"latitude":"38.890469","longitude":"115.47586"},"rentStatusEnum":{"code":"for_rent","description":"待租"},"stat":{"charging":false,"electricity":95.00,"endurance":0,"estimateFullChargeTime":0,"estimateHalfChargeTime":0,"mileage":1.00,"position":{"latitude":"38.890469","longitude":"115.47586"}},"tboxId":"A0000000000000033","vehicleBelongEnum":{"code":"public","description":"公有"},"vinCode":"A0000000000000033"},{"age":6,"color":"白色","device":"","discount":0.00,"distance":2733,"id":33,"lastCleanDate":1506787200000,"mode":{"id":1,"image":{"imageUrl":"https://s3.cn-north-1.amazonaws.com.cn/dev.conti-x.cn/static/sgmw/C30EV.png"},"name":"长城C30EV","rangeMileage":200,"seats":5,"type":"纯电动"},"outletSummary":{"id":10,"name":"自动化测试网点3","address":{"description":"云杉路翠园街西南角","place":"河北省 保定市"},"position":{"latitude":"38.902927","longitude":"115.472491"},"pickupDiscount":0.00,"returnDiscount":0.00},"plateNum":"冀K00012","position":{"latitude":"38.902927","longitude":"115.472491"},"rentStatusEnum":{"code":"for_rent","description":"待租"},"stat":{"charging":false,"electricity":95.00,"endurance":0,"estimateFullChargeTime":0,"estimateHalfChargeTime":0,"mileage":1.00,"position":{"latitude":"38.902927","longitude":"115.472491"}},"tboxId":"A0000000000000012","vehicleBelongEnum":{"code":"public","description":"公有"},"vinCode":"A0000000000000012"},{"age":6,"color":"白色","device":"","discount":0.00,"distance":3572,"id":47,"lastCleanDate":1506787200000,"mode":{"id":1,"image":{"imageUrl":"https://s3.cn-north-1.amazonaws.com.cn/dev.conti-x.cn/static/sgmw/C30EV.png"},"name":"长城C30EV","rangeMileage":200,"seats":5,"type":"纯电动"},"outletSummary":{"id":13,"name":"自动化测试网点6","address":{"description":"翠园街复兴路口东行200米","place":"河北省 保定市"},"position":{"latitude":"38.895329","longitude":"115.475291"},"pickupDiscount":0.00,"returnDiscount":0.00},"plateNum":"冀K00026","position":{"latitude":"38.895329","longitude":"115.475291"},"rentStatusEnum":{"code":"for_rent","description":"待租"},"stat":{"charging":false,"electricity":95.00,"endurance":0,"estimateFullChargeTime":0,"estimateHalfChargeTime":0,"mileage":1.00,"position":{"latitude":"38.895329","longitude":"115.475291"}},"tboxId":"A0000000000000026","vehicleBelongEnum":{"code":"public","description":"公有"},"vinCode":"A0000000000000026"},{"age":6,"color":"白色","device":"","discount":0.00,"distance":12181224,"id":26,"lastCleanDate":1506787200000,"mode":{"id":1,"image":{"imageUrl":"https://s3.cn-north-1.amazonaws.com.cn/dev.conti-x.cn/static/sgmw/C30EV.png"},"name":"长城C30EV","rangeMileage":200,"seats":5,"type":"纯电动"},"outletSummary":{"id":9,"name":"自动化测试网点2","address":{"description":"北二环火炬路","place":"河北省 保定市"},"position":{"latitude":"38.9153","longitude":"115.472502\t"},"pickupDiscount":0.00,"returnDiscount":0.00},"plateNum":"冀K00005","position":{"latitude":"0","longitude":"0"},"rentStatusEnum":{"code":"for_rent","description":"待租"},"stat":{"charging":false,"electricity":95.00,"endurance":0,"estimateFullChargeTime":0,"estimateHalfChargeTime":0,"mileage":1.00,"position":{"latitude":"0","longitude":"0"}},"tboxId":"A0000000000000005","vehicleBelongEnum":{"code":"public","description":"公有"},"vinCode":"A0000000000000005"},{"age":6,"color":"白色","device":"","discount":0.00,"distance":4452,"id":65,"lastCleanDate":1506787200000,"mode":{"id":1,"image":{"imageUrl":"https://s3.cn-north-1.amazonaws.com.cn/dev.conti-x.cn/static/sgmw/C30EV.png"},"name":"长城C30EV","rangeMileage":200,"seats":5,"type":"纯电动"},"outletSummary":{"id":16,"name":"自动化测试网点9","address":{"description":"翠园街秀园路东南角建华大街1029号","place":"河北省 保定市"},"position":{"latitude":"38.887429","longitude":"115.473204"},"pickupDiscount":0.00,"returnDiscount":0.00},"plateNum":"冀K00044","position":{"latitude":"38.887429","longitude":"115.473204"},"rentStatusEnum":{"code":"for_rent","description":"待租"},"stat":{"charging":false,"electricity":95.00,"endurance":0,"estimateFullChargeTime":0,"estimateHalfChargeTime":0,"mileage":1.00,"position":{"latitude":"38.887429","longitude":"115.473204"}},"tboxId":"A0000000000000044","vehicleBelongEnum":{"code":"public","description":"公有"},"vinCode":"A0000000000000044"},{"age":6,"color":"白色","device":"","discount":0.00,"distance":3228,"id":44,"lastCleanDate":1506787200000,"mode":{"id":1,"image":{"imageUrl":"https://s3.cn-north-1.amazonaws.com.cn/dev.conti-x.cn/static/sgmw/C30EV.png"},"name":"长城C30EV","rangeMileage":200,"seats":5,"type":"纯电动"},"outletSummary":{"id":12,"name":"自动化测试网点5","address":{"description":"翠园街银杏路东行300米","place":"河北省 保定市"},"position":{"latitude":"38.898477","longitude":"115.477008"},"pickupDiscount":0.00,"returnDiscount":0.00},"plateNum":"冀K00023","position":{"latitude":"38.898477","longitude":"115.477008"},"rentStatusEnum":{"code":"for_rent","description":"待租"},"stat":{"charging":false,"electricity":95.00,"endurance":0,"estimateFullChargeTime":0,"estimateHalfChargeTime":0,"mileage":1.00,"position":{"latitude":"38.898477","longitude":"115.477008"}},"tboxId":"A0000000000000023","vehicleBelongEnum":{"code":"public","description":"公有"},"vinCode":"A0000000000000023"},{"age":6,"color":"白色","device":"","discount":0.00,"distance":4135,"id":58,"lastCleanDate":1506787200000,"mode":{"id":1,"image":{"imageUrl":"https://s3.cn-north-1.amazonaws.com.cn/dev.conti-x.cn/static/sgmw/C30EV.png"},"name":"长城C30EV","rangeMileage":200,"seats":5,"type":"纯电动"},"outletSummary":{"id":15,"name":"自动化测试网点8","address":{"description":"朝阳大街天鹅路东南角建华大街1029号","place":"河北省 保定市"},"position":{"latitude":"38.890381","longitude":"115.470817"},"pickupDiscount":0.00,"returnDiscount":0.00},"plateNum":"冀K00037","position":{"latitude":"38.890381","longitude":"115.470817"},"rentStatusEnum":{"code":"for_rent","description":"待租"},"stat":{"charging":false,"electricity":95.00,"endurance":0,"estimateFullChargeTime":0,"estimateHalfChargeTime":0,"mileage":1.00,"position":{"latitude":"38.890381","longitude":"115.470817"}},"tboxId":"A0000000000000037","vehicleBelongEnum":{"code":"public","description":"公有"},"vinCode":"A0000000000000037"},{"age":6,"color":"白色","device":"","discount":0.00,"distance":2954,"id":37,"lastCleanDate":1506787200000,"mode":{"id":1,"image":{"imageUrl":"https://s3.cn-north-1.amazonaws.com.cn/dev.conti-x.cn/static/sgmw/C30EV.png"},"name":"长城C30EV","rangeMileage":200,"seats":5,"type":"纯电动"},"outletSummary":{"id":11,"name":"自动化测试网点4","address":{"description":"翠园街隆兴路东行200米","place":"河北省 保定市"},"position":{"latitude":"38.900919","longitude":"115.476423\t"},"pickupDiscount":0.00,"returnDiscount":0.00},"plateNum":"冀K00016","position":{"latitude":"38.900919","longitude":"115.476423"},"rentStatusEnum":{"code":"for_rent","description":"待租"},"stat":{"charging":false,"electricity":95.00,"endurance":0,"estimateFullChargeTime":0,"estimateHalfChargeTime":0,"mileage":1.00,"position":{"latitude":"38.900919","longitude":"115.476423"}},"tboxId":"A0000000000000016","vehicleBelongEnum":{"code":"public","description":"公有"},"vinCode":"A0000000000000016"},{"age":6,"color":"白色","device":"","discount":0.00,"distance":4113,"id":51,"lastCleanDate":1506787200000,"mode":{"id":1,"image":{"imageUrl":"https://s3.cn-north-1.amazonaws.com.cn/dev.conti-x.cn/static/sgmw/C30EV.png"},"name":"长城C30EV","rangeMileage":200,"seats":5,"type":"纯电动"},"outletSummary":{"id":14,"name":"自动化测试网点7","address":{"description":"天鹅路翠园街东行200米","place":"河北省 保定市"},"position":{"latitude":"38.890469","longitude":"115.47586"},"pickupDiscount":0.00,"returnDiscount":0.00},"plateNum":"冀K00030","position":{"latitude":"38.890469","longitude":"115.47586"},"rentStatusEnum":{"code":"for_rent","description":"待租"},"stat":{"charging":false,"electricity":95.00,"endurance":0,"estimateFullChargeTime":0,"estimateHalfChargeTime":0,"mileage":1.00,"position":{"latitude":"38.890469","longitude":"115.47586"}},"tboxId":"A0000000000000030","vehicleBelongEnum":{"code":"public","description":"公有"},"vinCode":"A0000000000000030"},{"age":6,"color":"白色","device":"","discount":0.00,"distance":12181224,"id":30,"lastCleanDate":1506787200000,"mode":{"id":1,"image":{"imageUrl":"https://s3.cn-north-1.amazonaws.com.cn/dev.conti-x.cn/static/sgmw/C30EV.png"},"name":"长城C30EV","rangeMileage":200,"seats":5,"type":"纯电动"},"outletSummary":{"id":9,"name":"自动化测试网点2","address":{"description":"北二环火炬路","place":"河北省 保定市"},"position":{"latitude":"38.9153","longitude":"115.472502\t"},"pickupDiscount":0.00,"returnDiscount":0.00},"plateNum":"冀K00009","position":{"latitude":"0","longitude":"0"},"rentStatusEnum":{"code":"for_rent","description":"待租"},"stat":{"charging":false,"electricity":95.00,"endurance":0,"estimateFullChargeTime":0,"estimateHalfChargeTime":0,"mileage":1.00,"position":{"latitude":"0","longitude":"0"}},"tboxId":"A0000000000000009","vehicleBelongEnum":{"code":"public","description":"公有"},"vinCode":"A0000000000000009"},{"age":6,"color":"白色","device":"","discount":0.00,"distance":12181224,"id":23,"lastCleanDate":1506787200000,"mode":{"id":1,"image":{"imageUrl":"https://s3.cn-north-1.amazonaws.com.cn/dev.conti-x.cn/static/sgmw/C30EV.png"},"name":"长城C30EV","rangeMileage":200,"seats":5,"type":"纯电动"},"outletSummary":{"id":8,"name":"自动化测试网点1","address":{"description":"朝阳大街横滨路东行","place":"河北省 保定市"},"position":{"latitude":"38.927453","longitude":"115.474712"},"pickupDiscount":0.00,"returnDiscount":0.00},"plateNum":"冀K00002","position":{"latitude":"0","longitude":"0"},"rentStatusEnum":{"code":"for_rent","description":"待租"},"stat":{"charging":false,"electricity":95.00,"endurance":0,"estimateFullChargeTime":0,"estimateHalfChargeTime":0,"mileage":1.00,"position":{"latitude":"0","longitude":"0"}},"tboxId":"A0000000000000002","vehicleBelongEnum":{"code":"public","description":"公有"},"vinCode":"A0000000000000002"},{"age":6,"color":"白色","device":"","discount":0.00,"distance":4452,"id":62,"lastCleanDate":1506787200000,"mode":{"id":1,"image":{"imageUrl":"https://s3.cn-north-1.amazonaws.com.cn/dev.conti-x.cn/static/sgmw/C30EV.png"},"name":"长城C30EV","rangeMileage":200,"seats":5,"type":"纯电动"},"outletSummary":{"id":16,"name":"自动化测试网点9","address":{"description":"翠园街秀园路东南角建华大街1029号","place":"河北省 保定市"},"position":{"latitude":"38.887429","longitude":"115.473204"},"pickupDiscount":0.00,"returnDiscount":0.00},"plateNum":"冀K00041","position":{"latitude":"38.887429","longitude":"115.473204"},"rentStatusEnum":{"code":"for_rent","description":"待租"},"stat":{"charging":false,"electricity":95.00,"endurance":0,"estimateFullChargeTime":0,"estimateHalfChargeTime":0,"mileage":1.00,"position":{"latitude":"38.887429","longitude":"115.473204"}},"tboxId":"A0000000000000041","vehicleBelongEnum":{"code":"public","description":"公有"},"vinCode":"A0000000000000041"},{"age":6,"color":"白色","device":"","discount":0.00,"distance":12181224,"id":69,"lastCleanDate":1506787200000,"mode":{"id":1,"image":{"imageUrl":"https://s3.cn-north-1.amazonaws.com.cn/dev.conti-x.cn/static/sgmw/C30EV.png"},"name":"长城C30EV","rangeMileage":200,"seats":5,"type":"纯电动"},"outletSummary":{"id":17,"name":"自动化测试网点10","address":{"description":"朝阳大街七一路东行500米北","place":"河北省 保定市"},"position":{"latitude":"38.882293","longitude":"115.475334"},"pickupDiscount":0.00,"returnDiscount":0.00},"plateNum":"冀K00048","position":{"latitude":"0","longitude":"0"},"rentStatusEnum":{"code":"for_rent","description":"待租"},"stat":{"charging":false,"electricity":95.00,"endurance":0,"estimateFullChargeTime":0,"estimateHalfChargeTime":0,"mileage":1.00,"position":{"latitude":"0","longitude":"0"}},"tboxId":"A0000000000000048","vehicleBelongEnum":{"code":"public","description":"公有"},"vinCode":"A0000000000000048"},{"age":6,"color":"白色","device":"","discount":0.00,"distance":3228,"id":41,"lastCleanDate":1506787200000,"mode":{"id":1,"image":{"imageUrl":"https://s3.cn-north-1.amazonaws.com.cn/dev.conti-x.cn/static/sgmw/C30EV.png"},"name":"长城C30EV","rangeMileage":200,"seats":5,"type":"纯电动"},"outletSummary":{"id":12,"name":"自动化测试网点5","address":{"description":"翠园街银杏路东行300米","place":"河北省 保定市"},"position":{"latitude":"38.898477","longitude":"115.477008"},"pickupDiscount":0.00,"returnDiscount":0.00},"plateNum":"冀K00020","position":{"latitude":"38.898477","longitude":"115.477008"},"rentStatusEnum":{"code":"for_rent","description":"待租"},"stat":{"charging":false,"electricity":95.00,"endurance":0,"estimateFullChargeTime":0,"estimateHalfChargeTime":0,"mileage":1.00,"position":{"latitude":"38.898477","longitude":"115.477008"}},"tboxId":"A0000000000000020","vehicleBelongEnum":{"code":"public","description":"公有"},"vinCode":"A0000000000000020"},{"age":6,"color":"白色","device":"","discount":0.00,"distance":4113,"id":55,"lastCleanDate":1506787200000,"mode":{"id":1,"image":{"imageUrl":"https://s3.cn-north-1.amazonaws.com.cn/dev.conti-x.cn/static/sgmw/C30EV.png"},"name":"长城C30EV","rangeMileage":200,"seats":5,"type":"纯电动"},"outletSummary":{"id":14,"name":"自动化测试网点7","address":{"description":"天鹅路翠园街东行200米","place":"河北省 保定市"},"position":{"latitude":"38.890469","longitude":"115.47586"},"pickupDiscount":0.00,"returnDiscount":0.00},"plateNum":"冀K00034","position":{"latitude":"38.890469","longitude":"115.47586"},"rentStatusEnum":{"code":"for_rent","description":"待租"},"stat":{"charging":false,"electricity":95.00,"endurance":0,"estimateFullChargeTime":0,"estimateHalfChargeTime":0,"mileage":1.00,"position":{"latitude":"38.890469","longitude":"115.47586"}},"tboxId":"A0000000000000034","vehicleBelongEnum":{"code":"public","description":"公有"},"vinCode":"A0000000000000034"},{"age":6,"color":"白色","device":"","discount":0.00,"distance":2733,"id":34,"lastCleanDate":1506787200000,"mode":{"id":1,"image":{"imageUrl":"https://s3.cn-north-1.amazonaws.com.cn/dev.conti-x.cn/static/sgmw/C30EV.png"},"name":"长城C30EV","rangeMileage":200,"seats":5,"type":"纯电动"},"outletSummary":{"id":10,"name":"自动化测试网点3","address":{"description":"云杉路翠园街西南角","place":"河北省 保定市"},"position":{"latitude":"38.902927","longitude":"115.472491"},"pickupDiscount":0.00,"returnDiscount":0.00},"plateNum":"冀K00013","position":{"latitude":"38.902927","longitude":"115.472491"},"rentStatusEnum":{"code":"for_rent","description":"待租"},"stat":{"charging":false,"electricity":95.00,"endurance":0,"estimateFullChargeTime":0,"estimateHalfChargeTime":0,"mileage":1.00,"position":{"latitude":"38.902927","longitude":"115.472491"}},"tboxId":"A0000000000000013","vehicleBelongEnum":{"code":"public","description":"公有"},"vinCode":"A0000000000000013"},{"age":6,"color":"白色","device":"","discount":0.00,"distance":3572,"id":48,"lastCleanDate":1506787200000,"mode":{"id":1,"image":{"imageUrl":"https://s3.cn-north-1.amazonaws.com.cn/dev.conti-x.cn/static/sgmw/C30EV.png"},"name":"长城C30EV","rangeMileage":200,"seats":5,"type":"纯电动"},"outletSummary":{"id":13,"name":"自动化测试网点6","address":{"description":"翠园街复兴路口东行200米","place":"河北省 保定市"},"position":{"latitude":"38.895329","longitude":"115.475291"},"pickupDiscount":0.00,"returnDiscount":0.00},"plateNum":"冀K00027","position":{"latitude":"38.895329","longitude":"115.475291"},"rentStatusEnum":{"code":"for_rent","description":"待租"},"stat":{"charging":false,"electricity":95.00,"endurance":0,"estimateFullChargeTime":0,"estimateHalfChargeTime":0,"mileage":1.00,"position":{"latitude":"38.895329","longitude":"115.475291"}},"tboxId":"A0000000000000027","vehicleBelongEnum":{"code":"public","description":"公有"},"vinCode":"A0000000000000027"}]},"message":""}]]>
            </line>
          </reporter-output>
        </test-method> <!-- apiTest -->
      </class> <!-- test.com.sen.api.ApiTest -->
    </test> <!-- 自动化测试用例 -->
  </suite> <!-- 接口自动化测试 -->
</testng-results>
